<?xml version="1.0" encoding="utf-8"?>
<helpItems schema="maml">
  <command:command xmlns:maml="http://schemas.microsoft.com/maml/2004/10" xmlns:dev="http://schemas.microsoft.com/maml/dev/2004/10" xmlns:MSHelp="http://msdn.microsoft.com/mshelp" xmlns:command="http://schemas.microsoft.com/maml/dev/command/2004/10">
    <command:details>
      <command:name>Test-NotTrue</command:name>
      <maml:description>
        <maml:para>Test that a value is not the Boolean value $true.</maml:para>
      </maml:description>
      <command:verb>Test</command:verb>
      <command:noun>NotTrue</command:noun>
    </command:details>
    <maml:description>
      <maml:para>This function tests if a value is not $true without the implicit conversions or the filtering semantics from the PowerShell comparison operators.

    Return Value   Condition
    ------------   ---------
    $null          never
    $false         value is not the System.Boolean value $true
    $true          value is not of type System.Boolean
                   value is $false</maml:para>
    </maml:description>
    <command:syntax>
      <command:syntaxItem>
        <maml:name>Test-NotTrue</maml:name>
        <command:parameter required="true" globbing="false" pipelineInput="false" position="1">
          <maml:name>Value</maml:name>
          <command:parameterValue required="true">Object</command:parameterValue>
        </command:parameter>
      </command:syntaxItem>
    </command:syntax>
    <command:parameters>
      <command:parameter required="true" globbing="false" pipelineInput="false" position="1">
        <maml:name>Value</maml:name>
        <maml:description>
          <maml:para>The value to test.</maml:para>
        </maml:description>
        <command:parameterValue required="true">Object</command:parameterValue>
        <dev:type>
          <maml:name>Object</maml:name>
        </dev:type>
        <dev:defaultValue>
        </dev:defaultValue>
      </command:parameter>
    </command:parameters>
    <command:inputTypes>
      <command:inputType>
        <dev:type>
          <maml:name>None

This function does not accept input from the pipeline.</maml:name>
        </dev:type>
      </command:inputType>
    </command:inputTypes>
    <command:returnValues>
      <command:returnValue>
        <dev:type>
          <maml:name>System.Boolean</maml:name>
        </dev:type>
      </command:returnValue>
    </command:returnValues>
    <maml:alertSet>
      <maml:alert>
        <maml:para>An example of how this function might be used in a unit test.

#recommended alias
set-alias 'notTrue?' 'test-notTrue'

assert-all    $items {param($a) (notTrue? $a.b) -and (notTrue? $a.c)}
assert-exists $items {param($a) (notTrue? $a.d) -xor (notTrue? $a.e)}</maml:para>
      </maml:alert>
    </maml:alertSet>
    <command:examples>
      <command:example>
        <maml:title>-------------------------- EXAMPLE 1 --------------------------</maml:title>
        <maml:introduction>
          <maml:para>C:\PS&gt;</maml:para>
        </maml:introduction>
        <dev:code>Test-NotTrue 1</dev:code>
        <dev:remarks>
          <maml:para>Test if the number 1 is not $true without performing any implicit conversions.

Note:
Compare the example above with the following expressions:
    1 -ne $true
    10 -ne $true
and see how tests can become confusing if those numbers were stored in variables.</maml:para>
          <maml:para>
          </maml:para>
          <maml:para>
          </maml:para>
          <maml:para>
          </maml:para>
          <maml:para>
          </maml:para>
        </dev:remarks>
      </command:example>
      <command:example>
        <maml:title>-------------------------- EXAMPLE 2 --------------------------</maml:title>
        <maml:introduction>
          <maml:para>C:\PS&gt;</maml:para>
        </maml:introduction>
        <dev:code>Test-NotTrue @($true)</dev:code>
        <dev:remarks>
          <maml:para>Test if the array is not $true without filtering semantics.

Note:
Compare the example above with the following expressions:
    @(1, $true) -ne $true
    @(-1, 0, 1, 2, 3) -ne $true
and see how tests can become confusing if the value is stored in a variable or if the value is not expected to be an array.</maml:para>
          <maml:para>
          </maml:para>
          <maml:para>
          </maml:para>
          <maml:para>
          </maml:para>
          <maml:para>
          </maml:para>
        </dev:remarks>
      </command:example>
    </command:examples>
    <maml:relatedLinks>
      <maml:navigationLink>
        <maml:linkText>Test-True</maml:linkText>
      </maml:navigationLink>
      <maml:navigationLink>
        <maml:linkText>Test-False</maml:linkText>
      </maml:navigationLink>
      <maml:navigationLink>
        <maml:linkText>Test-Null</maml:linkText>
      </maml:navigationLink>
      <maml:navigationLink>
        <maml:linkText>Test-NotFalse</maml:linkText>
      </maml:navigationLink>
      <maml:navigationLink>
        <maml:linkText>Test-NotNull</maml:linkText>
      </maml:navigationLink>
      <maml:navigationLink>
        <maml:linkText>Test-All</maml:linkText>
      </maml:navigationLink>
      <maml:navigationLink>
        <maml:linkText>Test-Exists</maml:linkText>
      </maml:navigationLink>
      <maml:navigationLink>
        <maml:linkText>Test-NotExists</maml:linkText>
      </maml:navigationLink>
    </maml:relatedLinks>
  </command:command>
</helpItems>
