<?xml version="1.0" encoding="utf-8"?>
<helpItems xmlns="http://msh" schema="maml">
  <command:command xmlns:maml="http://schemas.microsoft.com/maml/2004/10" xmlns:command="http://schemas.microsoft.com/maml/dev/command/2004/10" xmlns:dev="http://schemas.microsoft.com/maml/dev/2004/10" xmlns:MSHelp="http://msdn.microsoft.com/mshelp">
    <command:details>
      <command:name>Test-TimeSpan</command:name>
      <maml:description>
        <maml:para>An alternative to PowerShell's comparison operators when testing TimeSpan objects in unit test scenarios.</maml:para>
      </maml:description>
      <maml:copyright>
        <maml:para />
      </maml:copyright>
      <command:verb>Test</command:verb>
      <command:noun>TimeSpan</command:noun>
      <dev:version />
    </command:details>
    <maml:description>
      <maml:para>This function tests a TimeSpan object for type and equality without the implicit conversions or the filtering semantics from the PowerShell comparison operators.

This function will return one of the following values:
    $true
    $false
    $null

A return value of $null indicates an invalid test. See each parameter for specific conditions that causes this function to return $true, $false, or $null.</maml:para>
    </maml:description>
    <command:syntax>
      <command:syntaxItem>
        <maml:name>Test-TimeSpan</maml:name>
        <command:parameter required="true" variableLength="false" globbing="false" pipelineInput="false" position="1" aliases="">
          <maml:name>Value</maml:name>
          <maml:description>
            <maml:para>The value to test.</maml:para>
          </maml:description>
          <command:parameterValue required="true" variableLength="false">Object</command:parameterValue>
        </command:parameter>
        <command:parameter required="false" variableLength="false" globbing="false" pipelineInput="false" position="named" aliases="">
          <maml:name>IsTimeSpan</maml:name>
          <maml:description>
            <maml:para>Tests if the value is a TimeSpan value.

Return Value   Condition
------------   ---------
$null          never
$false         value is not a TimeSpan
$true          value is a TimeSpan</maml:para>
          </maml:description>
        </command:parameter>
      </command:syntaxItem>
      <command:syntaxItem>
        <maml:name>Test-TimeSpan</maml:name>
        <command:parameter required="true" variableLength="false" globbing="false" pipelineInput="false" position="1" aliases="">
          <maml:name>Value</maml:name>
          <maml:description>
            <maml:para>The value to test.</maml:para>
          </maml:description>
          <command:parameterValue required="true" variableLength="false">Object</command:parameterValue>
        </command:parameter>
        <command:parameter required="true" variableLength="false" globbing="false" pipelineInput="false" position="named" aliases="eq">
          <maml:name>Equals</maml:name>
          <maml:description>
            <maml:para>Tests if the first value is equal to the second.

The -Equals parameter has the alias -eq.

Return Value   Condition
------------   ---------
$null          one or both of the values is not a TimeSpan
$false         System.TimeSpan.Compare(TimeSpan, TimeSpan) != 0
$true          System.TimeSpan.Compare(TimeSpan, TimeSpan) == 0

Note: If the -Property parameter is specified, a different comparison method is used.</maml:para>
          </maml:description>
          <command:parameterValue required="true" variableLength="false">Object</command:parameterValue>
        </command:parameter>
        <command:parameter required="false" variableLength="true" globbing="false" pipelineInput="false" position="named" aliases="">
          <maml:name>Property</maml:name>
          <maml:description>
            <maml:para>Compares the TimeSpan values using the specified properties.

Note that the order that you specify the properties is significant. The first property specified has the highest priority in the comparison, and the last property specified has the lowest priority in the comparison.

Allowed Properties
------------------
Days, Hours, Minutes, Seconds, Milliseconds, Ticks, TotalDays, TotalHours, TotalMilliseconds, TotalMinutes, TotalSeconds

No wildcards are allowed.
No calculated properties (script blocks) are allowed.
Specifying this parameter with a $null or an empty array causes the comparisons to return $null.

Comparison method
-----------------
1. Start with the first property specified.
2. Compare the properties from the two TimeSpan objects using the CompareTo method.
3. If the properties are equal, repeat steps 2 and 3 with the remaining properties.
4. Done.

PowerShell Note:
Synthetic properties are not used in comparisons.
For example, when the hours property is compared, an expression like $a.psbase.hours is used instead of $a.hours.</maml:para>
          </maml:description>
          <command:parameterValue required="true" variableLength="true">String[]</command:parameterValue>
        </command:parameter>
      </command:syntaxItem>
      <command:syntaxItem>
        <maml:name>Test-TimeSpan</maml:name>
        <command:parameter required="true" variableLength="false" globbing="false" pipelineInput="false" position="1" aliases="">
          <maml:name>Value</maml:name>
          <maml:description>
            <maml:para>The value to test.</maml:para>
          </maml:description>
          <command:parameterValue required="true" variableLength="false">Object</command:parameterValue>
        </command:parameter>
        <command:parameter required="true" variableLength="false" globbing="false" pipelineInput="false" position="named" aliases="ne">
          <maml:name>NotEquals</maml:name>
          <maml:description>
            <maml:para>Tests if the first value is not equal to the second.

The -NotEquals parameter has the alias -ne.

Return Value   Condition
------------   ---------
$null          one or both of the values is not a TimeSpan
$false         System.TimeSpan.Compare(TimeSpan, TimeSpan) == 0
$true          System.TimeSpan.Compare(TimeSpan, TimeSpan) != 0

Note: If the -Property parameter is specified, a different comparison method is used.</maml:para>
          </maml:description>
          <command:parameterValue required="true" variableLength="false">Object</command:parameterValue>
        </command:parameter>
        <command:parameter required="false" variableLength="true" globbing="false" pipelineInput="false" position="named" aliases="">
          <maml:name>Property</maml:name>
          <maml:description>
            <maml:para>Compares the TimeSpan values using the specified properties.

Note that the order that you specify the properties is significant. The first property specified has the highest priority in the comparison, and the last property specified has the lowest priority in the comparison.

Allowed Properties
------------------
Days, Hours, Minutes, Seconds, Milliseconds, Ticks, TotalDays, TotalHours, TotalMilliseconds, TotalMinutes, TotalSeconds

No wildcards are allowed.
No calculated properties (script blocks) are allowed.
Specifying this parameter with a $null or an empty array causes the comparisons to return $null.

Comparison method
-----------------
1. Start with the first property specified.
2. Compare the properties from the two TimeSpan objects using the CompareTo method.
3. If the properties are equal, repeat steps 2 and 3 with the remaining properties.
4. Done.

PowerShell Note:
Synthetic properties are not used in comparisons.
For example, when the hours property is compared, an expression like $a.psbase.hours is used instead of $a.hours.</maml:para>
          </maml:description>
          <command:parameterValue required="true" variableLength="true">String[]</command:parameterValue>
        </command:parameter>
      </command:syntaxItem>
      <command:syntaxItem>
        <maml:name>Test-TimeSpan</maml:name>
        <command:parameter required="true" variableLength="false" globbing="false" pipelineInput="false" position="1" aliases="">
          <maml:name>Value</maml:name>
          <maml:description>
            <maml:para>The value to test.</maml:para>
          </maml:description>
          <command:parameterValue required="true" variableLength="false">Object</command:parameterValue>
        </command:parameter>
        <command:parameter required="true" variableLength="false" globbing="false" pipelineInput="false" position="named" aliases="lt">
          <maml:name>LessThan</maml:name>
          <maml:description>
            <maml:para>Tests if the first value is less than the second.

The -LessThan parameter has the alias -lt.

Return Value   Condition
------------   ---------
$null          one or both of the values is not a TimeSpan
$false         System.TimeSpan.Compare(TimeSpan, TimeSpan) &gt;= 0
$true          System.TimeSpan.Compare(TimeSpan, TimeSpan) &lt; 0

Note: If the -Property parameter is specified, a different comparison method is used.</maml:para>
          </maml:description>
          <command:parameterValue required="true" variableLength="false">Object</command:parameterValue>
        </command:parameter>
        <command:parameter required="false" variableLength="true" globbing="false" pipelineInput="false" position="named" aliases="">
          <maml:name>Property</maml:name>
          <maml:description>
            <maml:para>Compares the TimeSpan values using the specified properties.

Note that the order that you specify the properties is significant. The first property specified has the highest priority in the comparison, and the last property specified has the lowest priority in the comparison.

Allowed Properties
------------------
Days, Hours, Minutes, Seconds, Milliseconds, Ticks, TotalDays, TotalHours, TotalMilliseconds, TotalMinutes, TotalSeconds

No wildcards are allowed.
No calculated properties (script blocks) are allowed.
Specifying this parameter with a $null or an empty array causes the comparisons to return $null.

Comparison method
-----------------
1. Start with the first property specified.
2. Compare the properties from the two TimeSpan objects using the CompareTo method.
3. If the properties are equal, repeat steps 2 and 3 with the remaining properties.
4. Done.

PowerShell Note:
Synthetic properties are not used in comparisons.
For example, when the hours property is compared, an expression like $a.psbase.hours is used instead of $a.hours.</maml:para>
          </maml:description>
          <command:parameterValue required="true" variableLength="true">String[]</command:parameterValue>
        </command:parameter>
      </command:syntaxItem>
      <command:syntaxItem>
        <maml:name>Test-TimeSpan</maml:name>
        <command:parameter required="true" variableLength="false" globbing="false" pipelineInput="false" position="1" aliases="">
          <maml:name>Value</maml:name>
          <maml:description>
            <maml:para>The value to test.</maml:para>
          </maml:description>
          <command:parameterValue required="true" variableLength="false">Object</command:parameterValue>
        </command:parameter>
        <command:parameter required="true" variableLength="false" globbing="false" pipelineInput="false" position="named" aliases="le">
          <maml:name>LessThanOrEqualTo</maml:name>
          <maml:description>
            <maml:para>Tests if the first value is less than or equal to the second.

The -LessThanOrEqualTo parameter has the alias -le.

Return Value   Condition
------------   ---------
$null          one or both of the values is not a TimeSpan
$false         System.TimeSpan.Compare(TimeSpan, TimeSpan) &gt; 0
$true          System.TimeSpan.Compare(TimeSpan, TimeSpan) &lt;= 0

Note: If the -Property parameter is specified, a different comparison method is used.</maml:para>
          </maml:description>
          <command:parameterValue required="true" variableLength="false">Object</command:parameterValue>
        </command:parameter>
        <command:parameter required="false" variableLength="true" globbing="false" pipelineInput="false" position="named" aliases="">
          <maml:name>Property</maml:name>
          <maml:description>
            <maml:para>Compares the TimeSpan values using the specified properties.

Note that the order that you specify the properties is significant. The first property specified has the highest priority in the comparison, and the last property specified has the lowest priority in the comparison.

Allowed Properties
------------------
Days, Hours, Minutes, Seconds, Milliseconds, Ticks, TotalDays, TotalHours, TotalMilliseconds, TotalMinutes, TotalSeconds

No wildcards are allowed.
No calculated properties (script blocks) are allowed.
Specifying this parameter with a $null or an empty array causes the comparisons to return $null.

Comparison method
-----------------
1. Start with the first property specified.
2. Compare the properties from the two TimeSpan objects using the CompareTo method.
3. If the properties are equal, repeat steps 2 and 3 with the remaining properties.
4. Done.

PowerShell Note:
Synthetic properties are not used in comparisons.
For example, when the hours property is compared, an expression like $a.psbase.hours is used instead of $a.hours.</maml:para>
          </maml:description>
          <command:parameterValue required="true" variableLength="true">String[]</command:parameterValue>
        </command:parameter>
      </command:syntaxItem>
      <command:syntaxItem>
        <maml:name>Test-TimeSpan</maml:name>
        <command:parameter required="true" variableLength="false" globbing="false" pipelineInput="false" position="1" aliases="">
          <maml:name>Value</maml:name>
          <maml:description>
            <maml:para>The value to test.</maml:para>
          </maml:description>
          <command:parameterValue required="true" variableLength="false">Object</command:parameterValue>
        </command:parameter>
        <command:parameter required="true" variableLength="false" globbing="false" pipelineInput="false" position="named" aliases="gt">
          <maml:name>GreaterThan</maml:name>
          <maml:description>
            <maml:para>Tests if the first value is greater than the second.

The -GreaterThan parameter has the alias -gt.

Return Value   Condition
------------   ---------
$null          one or both of the values is not a TimeSpan
$false         System.TimeSpan.Compare(TimeSpan, TimeSpan) &lt;= 0
$true          System.TimeSpan.Compare(TimeSpan, TimeSpan) &gt; 0

Note: If the -Property parameter is specified, a different comparison method is used.</maml:para>
          </maml:description>
          <command:parameterValue required="true" variableLength="false">Object</command:parameterValue>
        </command:parameter>
        <command:parameter required="false" variableLength="true" globbing="false" pipelineInput="false" position="named" aliases="">
          <maml:name>Property</maml:name>
          <maml:description>
            <maml:para>Compares the TimeSpan values using the specified properties.

Note that the order that you specify the properties is significant. The first property specified has the highest priority in the comparison, and the last property specified has the lowest priority in the comparison.

Allowed Properties
------------------
Days, Hours, Minutes, Seconds, Milliseconds, Ticks, TotalDays, TotalHours, TotalMilliseconds, TotalMinutes, TotalSeconds

No wildcards are allowed.
No calculated properties (script blocks) are allowed.
Specifying this parameter with a $null or an empty array causes the comparisons to return $null.

Comparison method
-----------------
1. Start with the first property specified.
2. Compare the properties from the two TimeSpan objects using the CompareTo method.
3. If the properties are equal, repeat steps 2 and 3 with the remaining properties.
4. Done.

PowerShell Note:
Synthetic properties are not used in comparisons.
For example, when the hours property is compared, an expression like $a.psbase.hours is used instead of $a.hours.</maml:para>
          </maml:description>
          <command:parameterValue required="true" variableLength="true">String[]</command:parameterValue>
        </command:parameter>
      </command:syntaxItem>
      <command:syntaxItem>
        <maml:name>Test-TimeSpan</maml:name>
        <command:parameter required="true" variableLength="false" globbing="false" pipelineInput="false" position="1" aliases="">
          <maml:name>Value</maml:name>
          <maml:description>
            <maml:para>The value to test.</maml:para>
          </maml:description>
          <command:parameterValue required="true" variableLength="false">Object</command:parameterValue>
        </command:parameter>
        <command:parameter required="true" variableLength="false" globbing="false" pipelineInput="false" position="named" aliases="ge">
          <maml:name>GreaterThanOrEqualTo</maml:name>
          <maml:description>
            <maml:para>Tests if the first value is greater than or equal to the second.

The -GreaterThanOrEqualTo parameter has the alias -ge.

Return Value   Condition
------------   ---------
$null          one or both of the values is not a TimeSpan
$false         System.TimeSpan.Compare(TimeSpan, TimeSpan) &lt; 0
$true          System.TimeSpan.Compare(TimeSpan, TimeSpan) &gt;= 0

Note: If the -Property parameter is specified, a different comparison method is used.</maml:para>
          </maml:description>
          <command:parameterValue required="true" variableLength="false">Object</command:parameterValue>
        </command:parameter>
        <command:parameter required="false" variableLength="true" globbing="false" pipelineInput="false" position="named" aliases="">
          <maml:name>Property</maml:name>
          <maml:description>
            <maml:para>Compares the TimeSpan values using the specified properties.

Note that the order that you specify the properties is significant. The first property specified has the highest priority in the comparison, and the last property specified has the lowest priority in the comparison.

Allowed Properties
------------------
Days, Hours, Minutes, Seconds, Milliseconds, Ticks, TotalDays, TotalHours, TotalMilliseconds, TotalMinutes, TotalSeconds

No wildcards are allowed.
No calculated properties (script blocks) are allowed.
Specifying this parameter with a $null or an empty array causes the comparisons to return $null.

Comparison method
-----------------
1. Start with the first property specified.
2. Compare the properties from the two TimeSpan objects using the CompareTo method.
3. If the properties are equal, repeat steps 2 and 3 with the remaining properties.
4. Done.

PowerShell Note:
Synthetic properties are not used in comparisons.
For example, when the hours property is compared, an expression like $a.psbase.hours is used instead of $a.hours.</maml:para>
          </maml:description>
          <command:parameterValue required="true" variableLength="true">String[]</command:parameterValue>
        </command:parameter>
      </command:syntaxItem>
    </command:syntax>
    <command:parameters>
      <command:parameter required="true" variableLength="false" globbing="false" pipelineInput="false" position="1" aliases="">
        <maml:name>Value</maml:name>
        <maml:description>
          <maml:para>The value to test.</maml:para>
        </maml:description>
        <command:parameterValue required="true" variableLength="false">Object</command:parameterValue>
        <dev:type>
          <maml:name>Object</maml:name>
          <maml:uri />
        </dev:type>
        <dev:defaultValue />
      </command:parameter>
      <command:parameter required="false" variableLength="false" globbing="false" pipelineInput="false" position="named" aliases="">
        <maml:name>IsTimeSpan</maml:name>
        <maml:description>
          <maml:para>Tests if the value is a TimeSpan value.

Return Value   Condition
------------   ---------
$null          never
$false         value is not a TimeSpan
$true          value is a TimeSpan</maml:para>
        </maml:description>
        <command:parameterValue required="false" variableLength="false">SwitchParameter</command:parameterValue>
        <dev:type>
          <maml:name>SwitchParameter</maml:name>
          <maml:uri />
        </dev:type>
        <dev:defaultValue>False</dev:defaultValue>
      </command:parameter>
      <command:parameter required="true" variableLength="false" globbing="false" pipelineInput="false" position="named" aliases="eq">
        <maml:name>Equals</maml:name>
        <maml:description>
          <maml:para>Tests if the first value is equal to the second.

The -Equals parameter has the alias -eq.

Return Value   Condition
------------   ---------
$null          one or both of the values is not a TimeSpan
$false         System.TimeSpan.Compare(TimeSpan, TimeSpan) != 0
$true          System.TimeSpan.Compare(TimeSpan, TimeSpan) == 0

Note: If the -Property parameter is specified, a different comparison method is used.</maml:para>
        </maml:description>
        <command:parameterValue required="true" variableLength="false">Object</command:parameterValue>
        <dev:type>
          <maml:name>Object</maml:name>
          <maml:uri />
        </dev:type>
        <dev:defaultValue />
      </command:parameter>
      <command:parameter required="true" variableLength="false" globbing="false" pipelineInput="false" position="named" aliases="ne">
        <maml:name>NotEquals</maml:name>
        <maml:description>
          <maml:para>Tests if the first value is not equal to the second.

The -NotEquals parameter has the alias -ne.

Return Value   Condition
------------   ---------
$null          one or both of the values is not a TimeSpan
$false         System.TimeSpan.Compare(TimeSpan, TimeSpan) == 0
$true          System.TimeSpan.Compare(TimeSpan, TimeSpan) != 0

Note: If the -Property parameter is specified, a different comparison method is used.</maml:para>
        </maml:description>
        <command:parameterValue required="true" variableLength="false">Object</command:parameterValue>
        <dev:type>
          <maml:name>Object</maml:name>
          <maml:uri />
        </dev:type>
        <dev:defaultValue />
      </command:parameter>
      <command:parameter required="true" variableLength="false" globbing="false" pipelineInput="false" position="named" aliases="lt">
        <maml:name>LessThan</maml:name>
        <maml:description>
          <maml:para>Tests if the first value is less than the second.

The -LessThan parameter has the alias -lt.

Return Value   Condition
------------   ---------
$null          one or both of the values is not a TimeSpan
$false         System.TimeSpan.Compare(TimeSpan, TimeSpan) &gt;= 0
$true          System.TimeSpan.Compare(TimeSpan, TimeSpan) &lt; 0

Note: If the -Property parameter is specified, a different comparison method is used.</maml:para>
        </maml:description>
        <command:parameterValue required="true" variableLength="false">Object</command:parameterValue>
        <dev:type>
          <maml:name>Object</maml:name>
          <maml:uri />
        </dev:type>
        <dev:defaultValue />
      </command:parameter>
      <command:parameter required="true" variableLength="false" globbing="false" pipelineInput="false" position="named" aliases="le">
        <maml:name>LessThanOrEqualTo</maml:name>
        <maml:description>
          <maml:para>Tests if the first value is less than or equal to the second.

The -LessThanOrEqualTo parameter has the alias -le.

Return Value   Condition
------------   ---------
$null          one or both of the values is not a TimeSpan
$false         System.TimeSpan.Compare(TimeSpan, TimeSpan) &gt; 0
$true          System.TimeSpan.Compare(TimeSpan, TimeSpan) &lt;= 0

Note: If the -Property parameter is specified, a different comparison method is used.</maml:para>
        </maml:description>
        <command:parameterValue required="true" variableLength="false">Object</command:parameterValue>
        <dev:type>
          <maml:name>Object</maml:name>
          <maml:uri />
        </dev:type>
        <dev:defaultValue />
      </command:parameter>
      <command:parameter required="true" variableLength="false" globbing="false" pipelineInput="false" position="named" aliases="gt">
        <maml:name>GreaterThan</maml:name>
        <maml:description>
          <maml:para>Tests if the first value is greater than the second.

The -GreaterThan parameter has the alias -gt.

Return Value   Condition
------------   ---------
$null          one or both of the values is not a TimeSpan
$false         System.TimeSpan.Compare(TimeSpan, TimeSpan) &lt;= 0
$true          System.TimeSpan.Compare(TimeSpan, TimeSpan) &gt; 0

Note: If the -Property parameter is specified, a different comparison method is used.</maml:para>
        </maml:description>
        <command:parameterValue required="true" variableLength="false">Object</command:parameterValue>
        <dev:type>
          <maml:name>Object</maml:name>
          <maml:uri />
        </dev:type>
        <dev:defaultValue />
      </command:parameter>
      <command:parameter required="true" variableLength="false" globbing="false" pipelineInput="false" position="named" aliases="ge">
        <maml:name>GreaterThanOrEqualTo</maml:name>
        <maml:description>
          <maml:para>Tests if the first value is greater than or equal to the second.

The -GreaterThanOrEqualTo parameter has the alias -ge.

Return Value   Condition
------------   ---------
$null          one or both of the values is not a TimeSpan
$false         System.TimeSpan.Compare(TimeSpan, TimeSpan) &lt; 0
$true          System.TimeSpan.Compare(TimeSpan, TimeSpan) &gt;= 0

Note: If the -Property parameter is specified, a different comparison method is used.</maml:para>
        </maml:description>
        <command:parameterValue required="true" variableLength="false">Object</command:parameterValue>
        <dev:type>
          <maml:name>Object</maml:name>
          <maml:uri />
        </dev:type>
        <dev:defaultValue />
      </command:parameter>
      <command:parameter required="false" variableLength="true" globbing="false" pipelineInput="false" position="named" aliases="">
        <maml:name>Property</maml:name>
        <maml:description>
          <maml:para>Compares the TimeSpan values using the specified properties.

Note that the order that you specify the properties is significant. The first property specified has the highest priority in the comparison, and the last property specified has the lowest priority in the comparison.

Allowed Properties
------------------
Days, Hours, Minutes, Seconds, Milliseconds, Ticks, TotalDays, TotalHours, TotalMilliseconds, TotalMinutes, TotalSeconds

No wildcards are allowed.
No calculated properties (script blocks) are allowed.
Specifying this parameter with a $null or an empty array causes the comparisons to return $null.

Comparison method
-----------------
1. Start with the first property specified.
2. Compare the properties from the two TimeSpan objects using the CompareTo method.
3. If the properties are equal, repeat steps 2 and 3 with the remaining properties.
4. Done.

PowerShell Note:
Synthetic properties are not used in comparisons.
For example, when the hours property is compared, an expression like $a.psbase.hours is used instead of $a.hours.</maml:para>
        </maml:description>
        <command:parameterValue required="true" variableLength="true">String[]</command:parameterValue>
        <dev:type>
          <maml:name>String[]</maml:name>
          <maml:uri />
        </dev:type>
        <dev:defaultValue />
      </command:parameter>
    </command:parameters>
    <command:inputTypes>
      <command:inputType>
        <dev:type>
          <maml:name>None

This function does not accept input from the pipeline.</maml:name>
          <maml:uri />
          <maml:description>
            <maml:para />
          </maml:description>
        </dev:type>
        <maml:description>
          <maml:para />
        </maml:description>
      </command:inputType>
    </command:inputTypes>
    <command:returnValues>
      <command:returnValue>
        <dev:type>
          <maml:name>System.Boolean

This function returns a Boolean if the test can be performed.</maml:name>
          <maml:uri />
          <maml:description>
            <maml:para />
          </maml:description>
        </dev:type>
        <maml:description>
          <maml:para />
        </maml:description>
      </command:returnValue>
      <command:returnValue>
        <dev:type>
          <maml:name>$null

This function returns $null if the test cannot be performed.</maml:name>
          <maml:uri />
          <maml:description>
            <maml:para />
          </maml:description>
        </dev:type>
        <maml:description>
          <maml:para />
        </maml:description>
      </command:returnValue>
    </command:returnValues>
    <command:terminatingErrors />
    <command:nonTerminatingErrors />
    <maml:alertSet>
      <maml:alert>
        <maml:para>An example of how this function might be used in a unit test.

#recommended alias
set-alias 'timespan?' 'test-timeSpan'

assert-true (timespan? $a)
assert-true (timespan? $a -eq $b -property days, hours, minutes)</maml:para>
      </maml:alert>
    </maml:alertSet>
    <command:examples>
      <command:example>
        <maml:title>-------------------------- EXAMPLE 1 --------------------------</maml:title>
        <maml:introduction>
          <maml:para>C:\PS&gt;</maml:para>
        </maml:introduction>
        <dev:code>Test-TimeSpan $a</dev:code>
        <dev:remarks>
          <maml:para>Returns $true if $a is a TimeSpan object.</maml:para>
          <maml:para />
          <maml:para />
          <maml:para />
          <maml:para />
        </dev:remarks>
      </command:example>
      <command:example>
        <maml:title>-------------------------- EXAMPLE 2 --------------------------</maml:title>
        <maml:introduction>
          <maml:para>C:\PS&gt;</maml:para>
        </maml:introduction>
        <dev:code>Test-TimeSpan $a -eq $b</dev:code>
        <dev:remarks>
          <maml:para>Returns $true if $a and $b are both TimeSpan objects with the same value.
Returns $null if $a or $b is not a TimeSpan object.</maml:para>
          <maml:para />
          <maml:para />
          <maml:para />
          <maml:para />
        </dev:remarks>
      </command:example>
      <command:example>
        <maml:title>-------------------------- EXAMPLE 3 --------------------------</maml:title>
        <maml:introduction>
          <maml:para>C:\PS&gt;</maml:para>
        </maml:introduction>
        <dev:code>Test-TimeSpan $a -eq $b -property days, hours</dev:code>
        <dev:remarks>
          <maml:para>Returns $true if $a and $b are both TimeSpan objects with the same days and hours values.
Returns $null if $a or $b is not a TimeSpan object.

Note that the order of the properties specified is significant. See the -Property parameter for more details.</maml:para>
          <maml:para />
          <maml:para />
          <maml:para />
          <maml:para />
        </dev:remarks>
      </command:example>
    </command:examples>
    <maml:relatedLinks>
      <maml:navigationLink>
        <maml:linkText>Test-DateTime</maml:linkText>
        <maml:uri />
      </maml:navigationLink>
      <maml:navigationLink>
        <maml:linkText>Test-Guid</maml:linkText>
        <maml:uri />
      </maml:navigationLink>
      <maml:navigationLink>
        <maml:linkText>Test-Number</maml:linkText>
        <maml:uri />
      </maml:navigationLink>
      <maml:navigationLink>
        <maml:linkText>Test-String</maml:linkText>
        <maml:uri />
      </maml:navigationLink>
      <maml:navigationLink>
        <maml:linkText>Test-Text</maml:linkText>
        <maml:uri />
      </maml:navigationLink>
      <maml:navigationLink>
        <maml:linkText>Test-Version</maml:linkText>
        <maml:uri />
      </maml:navigationLink>
    </maml:relatedLinks>
  </command:command>
</helpItems>
