<?xml version="1.0" encoding="utf-8"?>
<helpItems xmlns="http://msh" schema="maml">
  <command:command xmlns:maml="http://schemas.microsoft.com/maml/2004/10" xmlns:command="http://schemas.microsoft.com/maml/dev/command/2004/10" xmlns:dev="http://schemas.microsoft.com/maml/dev/2004/10" xmlns:MSHelp="http://msdn.microsoft.com/mshelp">
    <command:details>
      <command:name>Test-All</command:name>
      <maml:description>
        <maml:para>Test that a predicate is true for all items in a collection.</maml:para>
      </maml:description>
      <maml:copyright>
        <maml:para />
      </maml:copyright>
      <command:verb>Test</command:verb>
      <command:noun>All</command:noun>
      <dev:version />
    </command:details>
    <maml:description>
      <maml:para>This function tests if a predicate is $true for all items in a collection.

    Return Value   Condition
    ------------   ---------
    $null          the collection is not of type System.Collections.ICollection
    $false         the predicate never returns the System.Boolean value $true
    $true          the predicate always returns the System.Boolean value $true
                   the collection is empty

*See the -Collection and -Predicate parameters for more details.</maml:para>
    </maml:description>
    <command:syntax>
      <command:syntaxItem>
        <maml:name>Test-All</maml:name>
        <command:parameter required="true" variableLength="false" globbing="false" pipelineInput="false" position="1" aliases="">
          <maml:name>Collection</maml:name>
          <maml:description>
            <maml:para>The collection of items used to test the predicate.

The order in which the items in the collection are tested is determined by the collection's GetEnumerator method.</maml:para>
          </maml:description>
          <command:parameterValue required="true" variableLength="false">Object</command:parameterValue>
        </command:parameter>
        <command:parameter required="true" variableLength="false" globbing="false" pipelineInput="false" position="2" aliases="">
          <maml:name>Predicate</maml:name>
          <maml:description>
            <maml:para>The script block that will be invoked on each item in the collection.

The script block must take one argument and return a value.

Note:
The -ErrorAction parameter has NO effect on the predicate.
An InvalidOperationException is thrown if the predicate throws an error.</maml:para>
          </maml:description>
          <command:parameterValue required="true" variableLength="false">ScriptBlock</command:parameterValue>
        </command:parameter>
      </command:syntaxItem>
    </command:syntax>
    <command:parameters>
      <command:parameter required="true" variableLength="false" globbing="false" pipelineInput="false" position="1" aliases="">
        <maml:name>Collection</maml:name>
        <maml:description>
          <maml:para>The collection of items used to test the predicate.

The order in which the items in the collection are tested is determined by the collection's GetEnumerator method.</maml:para>
        </maml:description>
        <command:parameterValue required="true" variableLength="false">Object</command:parameterValue>
        <dev:type>
          <maml:name>Object</maml:name>
          <maml:uri />
        </dev:type>
        <dev:defaultValue />
      </command:parameter>
      <command:parameter required="true" variableLength="false" globbing="false" pipelineInput="false" position="2" aliases="">
        <maml:name>Predicate</maml:name>
        <maml:description>
          <maml:para>The script block that will be invoked on each item in the collection.

The script block must take one argument and return a value.

Note:
The -ErrorAction parameter has NO effect on the predicate.
An InvalidOperationException is thrown if the predicate throws an error.</maml:para>
        </maml:description>
        <command:parameterValue required="true" variableLength="false">ScriptBlock</command:parameterValue>
        <dev:type>
          <maml:name>ScriptBlock</maml:name>
          <maml:uri />
        </dev:type>
        <dev:defaultValue />
      </command:parameter>
    </command:parameters>
    <command:inputTypes>
      <command:inputType>
        <dev:type>
          <maml:name>None

This function does not accept input from the pipeline.</maml:name>
          <maml:uri />
          <maml:description>
            <maml:para />
          </maml:description>
        </dev:type>
        <maml:description>
          <maml:para />
        </maml:description>
      </command:inputType>
    </command:inputTypes>
    <command:returnValues>
      <command:returnValue>
        <dev:type>
          <maml:name>System.Boolean

This function returns a Boolean if the test can be performed.</maml:name>
          <maml:uri />
          <maml:description>
            <maml:para />
          </maml:description>
        </dev:type>
        <maml:description>
          <maml:para />
        </maml:description>
      </command:returnValue>
      <command:returnValue>
        <dev:type>
          <maml:name>$null

This function returns $null if the test cannot be performed.</maml:name>
          <maml:uri />
          <maml:description>
            <maml:para />
          </maml:description>
        </dev:type>
        <maml:description>
          <maml:para />
        </maml:description>
      </command:returnValue>
    </command:returnValues>
    <maml:alertSet>
      <maml:alert>
        <maml:para>An example of how this function might be used in a unit test.

#recommended alias
set-alias 'all?' 'test-all'

assert-all    $items {param($a) all? $a.bArray {param($b) $b -gt 10}}
assert-exists $items {param($a) all? $a.cArray {param($c) $c -eq 0}}</maml:para>
      </maml:alert>
    </maml:alertSet>
    <command:examples>
      <command:example>
        <maml:title>-------------------------- EXAMPLE 1 --------------------------</maml:title>
        <maml:introduction>
          <maml:para>C:\PS&gt;</maml:para>
        </maml:introduction>
        <dev:code>Test-All @(1, 2, 3, 4, 5) {param($n) $n -gt 0}</dev:code>
        <dev:remarks>
          <maml:para>Test that all items in the array are greater than 0.</maml:para>
          <maml:para />
          <maml:para />
          <maml:para />
          <maml:para />
        </dev:remarks>
      </command:example>
      <command:example>
        <maml:title>-------------------------- EXAMPLE 2 --------------------------</maml:title>
        <maml:introduction>
          <maml:para>C:\PS&gt;</maml:para>
        </maml:introduction>
        <dev:code>Test-All @() {param($n) $n -gt 0}</dev:code>
        <dev:remarks>
          <maml:para>Test that all items in the array are greater than 0.

Note:
This test will always return $true because the array is empty.
This is known as vacuous truth.</maml:para>
          <maml:para />
          <maml:para />
          <maml:para />
          <maml:para />
        </dev:remarks>
      </command:example>
      <command:example>
        <maml:title>-------------------------- EXAMPLE 3 --------------------------</maml:title>
        <maml:introduction>
          <maml:para>C:\PS&gt;</maml:para>
        </maml:introduction>
        <dev:code>Test-All @{a0 = 10; a1 = 20; a2 = 30} {param($entry) $entry.Value -gt 5}</dev:code>
        <dev:remarks>
          <maml:para>Test that all entries in the hashtable have a value greater than 5.</maml:para>
          <maml:para />
          <maml:para />
          <maml:para />
          <maml:para />
        </dev:remarks>
      </command:example>
    </command:examples>
    <maml:relatedLinks>
      <maml:navigationLink>
        <maml:linkText>Test-True</maml:linkText>
        <maml:uri />
      </maml:navigationLink>
      <maml:navigationLink>
        <maml:linkText>Test-False</maml:linkText>
        <maml:uri />
      </maml:navigationLink>
      <maml:navigationLink>
        <maml:linkText>Test-Null</maml:linkText>
        <maml:uri />
      </maml:navigationLink>
      <maml:navigationLink>
        <maml:linkText>Test-NotTrue</maml:linkText>
        <maml:uri />
      </maml:navigationLink>
      <maml:navigationLink>
        <maml:linkText>Test-NotFalse</maml:linkText>
        <maml:uri />
      </maml:navigationLink>
      <maml:navigationLink>
        <maml:linkText>Test-NotNull</maml:linkText>
        <maml:uri />
      </maml:navigationLink>
      <maml:navigationLink>
        <maml:linkText>Test-Exists</maml:linkText>
        <maml:uri />
      </maml:navigationLink>
      <maml:navigationLink>
        <maml:linkText>Test-NotExists</maml:linkText>
        <maml:uri />
      </maml:navigationLink>
    </maml:relatedLinks>
  </command:command>
</helpItems>
