<?xml version="1.0" encoding="utf-8"?>
<helpItems xmlns="http://msh" schema="maml">
  <command:command xmlns:maml="http://schemas.microsoft.com/maml/2004/10" xmlns:command="http://schemas.microsoft.com/maml/dev/command/2004/10" xmlns:dev="http://schemas.microsoft.com/maml/dev/2004/10" xmlns:MSHelp="http://msdn.microsoft.com/mshelp">
    <command:details>
      <command:name>Test-Text</command:name>
      <maml:description>
        <maml:para>An alternative to PowerShell's comparison operators when texts are being tested in unit test scenarios with operators that are sensitive to culture and language.</maml:para>
      </maml:description>
      <maml:copyright>
        <maml:para />
      </maml:copyright>
      <command:verb>Test</command:verb>
      <command:noun>Text</command:noun>
      <dev:version />
    </command:details>
    <maml:description>
      <maml:para>This function contains text operators that are sensitive to language and culture. These operators are: Match, NotMatch, Contains, NotContains, StartsWith, NotStartsWith, EndsWith, NotEndsWith, Equals, NotEquals, LessThan, GreaterThan, LessThanOrEqualTo, and GreaterThanOrEqualTo.

This function will return one of the following values:
    $true
    $false
    $null

A return value of $null indicates an invalid operation. See each parameter for specific conditions that causes this function to return $true, $false, or $null.

The default for this function is to use case-insensitive operations using InvariantCulture. See the -CaseSensitive and -UseCurrentCulture parameters for more details.

Note about language and culture
===============================

All the operators mentioned above will be affected by the different rules of languages and cultures. From the MSDN documentation, it seems that the regular expression operators (Match and NotMatch) are the only operators listed above that cannot be used in a way that is not sensitive to language or culture.

Use Test-String if you want text operators that are not affected by language and culture.</maml:para>
    </maml:description>
    <command:syntax>
      <command:syntaxItem>
        <maml:name>Test-Text</maml:name>
        <command:parameter required="true" variableLength="false" globbing="false" pipelineInput="false" position="1" aliases="">
          <maml:name>Value</maml:name>
          <maml:description>
            <maml:para>The value to test.</maml:para>
          </maml:description>
          <command:parameterValue required="true" variableLength="false">Object</command:parameterValue>
        </command:parameter>
        <command:parameter required="false" variableLength="false" globbing="false" pipelineInput="false" position="named" aliases="">
          <maml:name>IsText</maml:name>
          <maml:description>
            <maml:para>Tests if the value is text.

Return Value   Condition
------------   ---------
$null          never
$false         value is not of type System.String
$true          value is of type System.String</maml:para>
          </maml:description>
        </command:parameter>
      </command:syntaxItem>
      <command:syntaxItem>
        <maml:name>Test-Text</maml:name>
        <command:parameter required="true" variableLength="false" globbing="false" pipelineInput="false" position="1" aliases="">
          <maml:name>Value</maml:name>
          <maml:description>
            <maml:para>The value to test.</maml:para>
          </maml:description>
          <command:parameterValue required="true" variableLength="false">Object</command:parameterValue>
        </command:parameter>
        <command:parameter required="true" variableLength="false" globbing="false" pipelineInput="false" position="named" aliases="">
          <maml:name>Match</maml:name>
          <maml:description>
            <maml:para>Tests if the first value matches the regular expression pattern in the second.

Return Value   Condition
------------   ---------
$null          one or both of the values is not of type System.String
$false         Regex.IsMatch(String, String, RegexOptions) returns $false
$true          Regex.IsMatch(String, String, RegexOptions) returns $true

*See the -UseCurrentCulture parameter for details about how language and culture can affect this parameter.</maml:para>
          </maml:description>
          <command:parameterValue required="true" variableLength="false">Object</command:parameterValue>
        </command:parameter>
        <command:parameter required="false" variableLength="false" globbing="false" pipelineInput="false" position="named" aliases="">
          <maml:name>CaseSensitive</maml:name>
          <maml:description>
            <maml:para>Makes the operators case-sensitive.

If this parameter is not specified, the operators will be case-insensitive.

*See the -UseCurrentCulture parameter for details about how language and culture can affect this parameter.</maml:para>
          </maml:description>
        </command:parameter>
        <command:parameter required="false" variableLength="false" globbing="false" pipelineInput="false" position="named" aliases="">
          <maml:name>UseCurrentCulture</maml:name>
          <maml:description>
            <maml:para>Makes the operators use the language rules of the current culture.

If this parameter is not specified, the operators will use the language rules from System.Globalization.CultureInfo.InvariantCulture. Operators using InvariantCulture will give the same results when the operations are run in different computers.

Note that the culture (including InvariantCulture) defines rules such as the ordering of the characters, the casing of the characters, and disturbingly, rules such as which characters can be ignored in text operations. This means that two string that are equal in one culture may not be equal in another culture. Even operations using InvariantCulture can compare two strings of different lengths as equal because the strings contain characters which are considered ignorable by the culture.

See the MSDN documentation for System.Globalization.CultureInfo for more information.</maml:para>
          </maml:description>
        </command:parameter>
      </command:syntaxItem>
      <command:syntaxItem>
        <maml:name>Test-Text</maml:name>
        <command:parameter required="true" variableLength="false" globbing="false" pipelineInput="false" position="1" aliases="">
          <maml:name>Value</maml:name>
          <maml:description>
            <maml:para>The value to test.</maml:para>
          </maml:description>
          <command:parameterValue required="true" variableLength="false">Object</command:parameterValue>
        </command:parameter>
        <command:parameter required="true" variableLength="false" globbing="false" pipelineInput="false" position="named" aliases="">
          <maml:name>NotMatch</maml:name>
          <maml:description>
            <maml:para>Tests if the first value does not match the regular expression pattern in the second.

Return Value   Condition
------------   ---------
$null          one or both of the values is not of type System.String
$false         Regex.IsMatch(String, String, RegexOptions) returns $true
$true          Regex.IsMatch(String, String, RegexOptions) returns $false

*See the -UseCurrentCulture parameter for details about how language and culture can affect this parameter.</maml:para>
          </maml:description>
          <command:parameterValue required="true" variableLength="false">Object</command:parameterValue>
        </command:parameter>
        <command:parameter required="false" variableLength="false" globbing="false" pipelineInput="false" position="named" aliases="">
          <maml:name>CaseSensitive</maml:name>
          <maml:description>
            <maml:para>Makes the operators case-sensitive.

If this parameter is not specified, the operators will be case-insensitive.

*See the -UseCurrentCulture parameter for details about how language and culture can affect this parameter.</maml:para>
          </maml:description>
        </command:parameter>
        <command:parameter required="false" variableLength="false" globbing="false" pipelineInput="false" position="named" aliases="">
          <maml:name>UseCurrentCulture</maml:name>
          <maml:description>
            <maml:para>Makes the operators use the language rules of the current culture.

If this parameter is not specified, the operators will use the language rules from System.Globalization.CultureInfo.InvariantCulture. Operators using InvariantCulture will give the same results when the operations are run in different computers.

Note that the culture (including InvariantCulture) defines rules such as the ordering of the characters, the casing of the characters, and disturbingly, rules such as which characters can be ignored in text operations. This means that two string that are equal in one culture may not be equal in another culture. Even operations using InvariantCulture can compare two strings of different lengths as equal because the strings contain characters which are considered ignorable by the culture.

See the MSDN documentation for System.Globalization.CultureInfo for more information.</maml:para>
          </maml:description>
        </command:parameter>
      </command:syntaxItem>
      <command:syntaxItem>
        <maml:name>Test-Text</maml:name>
        <command:parameter required="true" variableLength="false" globbing="false" pipelineInput="false" position="1" aliases="">
          <maml:name>Value</maml:name>
          <maml:description>
            <maml:para>The value to test.</maml:para>
          </maml:description>
          <command:parameterValue required="true" variableLength="false">Object</command:parameterValue>
        </command:parameter>
        <command:parameter required="true" variableLength="false" globbing="false" pipelineInput="false" position="named" aliases="">
          <maml:name>Contains</maml:name>
          <maml:description>
            <maml:para>Tests if the first value contains the second.

Note: The empty string is inside all texts.

Return Value   Condition
------------   ---------
$null          one or both of the values is not of type System.String
$false         String method IndexOf(String, StringComparison) &lt; 0
$true          String method IndexOf(String, StringComparison) &gt;= 0

*See the -UseCurrentCulture parameter for details about how language and culture can affect this parameter.</maml:para>
          </maml:description>
          <command:parameterValue required="true" variableLength="false">Object</command:parameterValue>
        </command:parameter>
        <command:parameter required="false" variableLength="false" globbing="false" pipelineInput="false" position="named" aliases="">
          <maml:name>CaseSensitive</maml:name>
          <maml:description>
            <maml:para>Makes the operators case-sensitive.

If this parameter is not specified, the operators will be case-insensitive.

*See the -UseCurrentCulture parameter for details about how language and culture can affect this parameter.</maml:para>
          </maml:description>
        </command:parameter>
        <command:parameter required="false" variableLength="false" globbing="false" pipelineInput="false" position="named" aliases="">
          <maml:name>UseCurrentCulture</maml:name>
          <maml:description>
            <maml:para>Makes the operators use the language rules of the current culture.

If this parameter is not specified, the operators will use the language rules from System.Globalization.CultureInfo.InvariantCulture. Operators using InvariantCulture will give the same results when the operations are run in different computers.

Note that the culture (including InvariantCulture) defines rules such as the ordering of the characters, the casing of the characters, and disturbingly, rules such as which characters can be ignored in text operations. This means that two string that are equal in one culture may not be equal in another culture. Even operations using InvariantCulture can compare two strings of different lengths as equal because the strings contain characters which are considered ignorable by the culture.

See the MSDN documentation for System.Globalization.CultureInfo for more information.</maml:para>
          </maml:description>
        </command:parameter>
      </command:syntaxItem>
      <command:syntaxItem>
        <maml:name>Test-Text</maml:name>
        <command:parameter required="true" variableLength="false" globbing="false" pipelineInput="false" position="1" aliases="">
          <maml:name>Value</maml:name>
          <maml:description>
            <maml:para>The value to test.</maml:para>
          </maml:description>
          <command:parameterValue required="true" variableLength="false">Object</command:parameterValue>
        </command:parameter>
        <command:parameter required="true" variableLength="false" globbing="false" pipelineInput="false" position="named" aliases="">
          <maml:name>NotContains</maml:name>
          <maml:description>
            <maml:para>Tests if the first value does not contain the second.

Note: The empty string is inside all texts.

Return Value   Condition
------------   ---------
$null          one or both of the values is not of type System.String
$false         String method IndexOf(String, StringComparison) &gt;= 0
$true          String method IndexOf(String, StringComparison) &lt; 0

*See the -UseCurrentCulture parameter for details about how language and culture can affect this parameter.</maml:para>
          </maml:description>
          <command:parameterValue required="true" variableLength="false">Object</command:parameterValue>
        </command:parameter>
        <command:parameter required="false" variableLength="false" globbing="false" pipelineInput="false" position="named" aliases="">
          <maml:name>CaseSensitive</maml:name>
          <maml:description>
            <maml:para>Makes the operators case-sensitive.

If this parameter is not specified, the operators will be case-insensitive.

*See the -UseCurrentCulture parameter for details about how language and culture can affect this parameter.</maml:para>
          </maml:description>
        </command:parameter>
        <command:parameter required="false" variableLength="false" globbing="false" pipelineInput="false" position="named" aliases="">
          <maml:name>UseCurrentCulture</maml:name>
          <maml:description>
            <maml:para>Makes the operators use the language rules of the current culture.

If this parameter is not specified, the operators will use the language rules from System.Globalization.CultureInfo.InvariantCulture. Operators using InvariantCulture will give the same results when the operations are run in different computers.

Note that the culture (including InvariantCulture) defines rules such as the ordering of the characters, the casing of the characters, and disturbingly, rules such as which characters can be ignored in text operations. This means that two string that are equal in one culture may not be equal in another culture. Even operations using InvariantCulture can compare two strings of different lengths as equal because the strings contain characters which are considered ignorable by the culture.

See the MSDN documentation for System.Globalization.CultureInfo for more information.</maml:para>
          </maml:description>
        </command:parameter>
      </command:syntaxItem>
      <command:syntaxItem>
        <maml:name>Test-Text</maml:name>
        <command:parameter required="true" variableLength="false" globbing="false" pipelineInput="false" position="1" aliases="">
          <maml:name>Value</maml:name>
          <maml:description>
            <maml:para>The value to test.</maml:para>
          </maml:description>
          <command:parameterValue required="true" variableLength="false">Object</command:parameterValue>
        </command:parameter>
        <command:parameter required="true" variableLength="false" globbing="false" pipelineInput="false" position="named" aliases="">
          <maml:name>StartsWith</maml:name>
          <maml:description>
            <maml:para>Tests if the first value starts with the second.

Note: The empty string starts all texts.

Return Value   Condition
------------   ---------
$null          one or both of the values is not of type System.String
$false         String method StartsWith(String, StringComparison) returns $false
$true          String method StartsWith(String, StringComparison) returns $true

*See the -UseCurrentCulture parameter for details about how language and culture can affect this parameter.</maml:para>
          </maml:description>
          <command:parameterValue required="true" variableLength="false">Object</command:parameterValue>
        </command:parameter>
        <command:parameter required="false" variableLength="false" globbing="false" pipelineInput="false" position="named" aliases="">
          <maml:name>CaseSensitive</maml:name>
          <maml:description>
            <maml:para>Makes the operators case-sensitive.

If this parameter is not specified, the operators will be case-insensitive.

*See the -UseCurrentCulture parameter for details about how language and culture can affect this parameter.</maml:para>
          </maml:description>
        </command:parameter>
        <command:parameter required="false" variableLength="false" globbing="false" pipelineInput="false" position="named" aliases="">
          <maml:name>UseCurrentCulture</maml:name>
          <maml:description>
            <maml:para>Makes the operators use the language rules of the current culture.

If this parameter is not specified, the operators will use the language rules from System.Globalization.CultureInfo.InvariantCulture. Operators using InvariantCulture will give the same results when the operations are run in different computers.

Note that the culture (including InvariantCulture) defines rules such as the ordering of the characters, the casing of the characters, and disturbingly, rules such as which characters can be ignored in text operations. This means that two string that are equal in one culture may not be equal in another culture. Even operations using InvariantCulture can compare two strings of different lengths as equal because the strings contain characters which are considered ignorable by the culture.

See the MSDN documentation for System.Globalization.CultureInfo for more information.</maml:para>
          </maml:description>
        </command:parameter>
      </command:syntaxItem>
      <command:syntaxItem>
        <maml:name>Test-Text</maml:name>
        <command:parameter required="true" variableLength="false" globbing="false" pipelineInput="false" position="1" aliases="">
          <maml:name>Value</maml:name>
          <maml:description>
            <maml:para>The value to test.</maml:para>
          </maml:description>
          <command:parameterValue required="true" variableLength="false">Object</command:parameterValue>
        </command:parameter>
        <command:parameter required="true" variableLength="false" globbing="false" pipelineInput="false" position="named" aliases="">
          <maml:name>NotStartsWith</maml:name>
          <maml:description>
            <maml:para>Tests if the first value does not start with the second.

Note: The empty string starts all texts.

Return Value   Condition
------------   ---------
$null          one or both of the values is not of type System.String
$false         String method StartsWith(String, StringComparison) returns $true
$true          String method StartsWith(String, StringComparison) returns $false

*See the -UseCurrentCulture parameter for details about how language and culture can affect this parameter.</maml:para>
          </maml:description>
          <command:parameterValue required="true" variableLength="false">Object</command:parameterValue>
        </command:parameter>
        <command:parameter required="false" variableLength="false" globbing="false" pipelineInput="false" position="named" aliases="">
          <maml:name>CaseSensitive</maml:name>
          <maml:description>
            <maml:para>Makes the operators case-sensitive.

If this parameter is not specified, the operators will be case-insensitive.

*See the -UseCurrentCulture parameter for details about how language and culture can affect this parameter.</maml:para>
          </maml:description>
        </command:parameter>
        <command:parameter required="false" variableLength="false" globbing="false" pipelineInput="false" position="named" aliases="">
          <maml:name>UseCurrentCulture</maml:name>
          <maml:description>
            <maml:para>Makes the operators use the language rules of the current culture.

If this parameter is not specified, the operators will use the language rules from System.Globalization.CultureInfo.InvariantCulture. Operators using InvariantCulture will give the same results when the operations are run in different computers.

Note that the culture (including InvariantCulture) defines rules such as the ordering of the characters, the casing of the characters, and disturbingly, rules such as which characters can be ignored in text operations. This means that two string that are equal in one culture may not be equal in another culture. Even operations using InvariantCulture can compare two strings of different lengths as equal because the strings contain characters which are considered ignorable by the culture.

See the MSDN documentation for System.Globalization.CultureInfo for more information.</maml:para>
          </maml:description>
        </command:parameter>
      </command:syntaxItem>
      <command:syntaxItem>
        <maml:name>Test-Text</maml:name>
        <command:parameter required="true" variableLength="false" globbing="false" pipelineInput="false" position="1" aliases="">
          <maml:name>Value</maml:name>
          <maml:description>
            <maml:para>The value to test.</maml:para>
          </maml:description>
          <command:parameterValue required="true" variableLength="false">Object</command:parameterValue>
        </command:parameter>
        <command:parameter required="true" variableLength="false" globbing="false" pipelineInput="false" position="named" aliases="">
          <maml:name>EndsWith</maml:name>
          <maml:description>
            <maml:para>Tests if the first value ends with the second.

Note: The empty string ends all texts.

Return Value   Condition
------------   ---------
$null          one or both of the values is not of type System.String
$false         String method EndsWith(String, StringComparison) returns $false
$true          String method EndsWith(String, StringComparison) returns $true

*See the -UseCurrentCulture parameter for details about how language and culture can affect this parameter.</maml:para>
          </maml:description>
          <command:parameterValue required="true" variableLength="false">Object</command:parameterValue>
        </command:parameter>
        <command:parameter required="false" variableLength="false" globbing="false" pipelineInput="false" position="named" aliases="">
          <maml:name>CaseSensitive</maml:name>
          <maml:description>
            <maml:para>Makes the operators case-sensitive.

If this parameter is not specified, the operators will be case-insensitive.

*See the -UseCurrentCulture parameter for details about how language and culture can affect this parameter.</maml:para>
          </maml:description>
        </command:parameter>
        <command:parameter required="false" variableLength="false" globbing="false" pipelineInput="false" position="named" aliases="">
          <maml:name>UseCurrentCulture</maml:name>
          <maml:description>
            <maml:para>Makes the operators use the language rules of the current culture.

If this parameter is not specified, the operators will use the language rules from System.Globalization.CultureInfo.InvariantCulture. Operators using InvariantCulture will give the same results when the operations are run in different computers.

Note that the culture (including InvariantCulture) defines rules such as the ordering of the characters, the casing of the characters, and disturbingly, rules such as which characters can be ignored in text operations. This means that two string that are equal in one culture may not be equal in another culture. Even operations using InvariantCulture can compare two strings of different lengths as equal because the strings contain characters which are considered ignorable by the culture.

See the MSDN documentation for System.Globalization.CultureInfo for more information.</maml:para>
          </maml:description>
        </command:parameter>
      </command:syntaxItem>
      <command:syntaxItem>
        <maml:name>Test-Text</maml:name>
        <command:parameter required="true" variableLength="false" globbing="false" pipelineInput="false" position="1" aliases="">
          <maml:name>Value</maml:name>
          <maml:description>
            <maml:para>The value to test.</maml:para>
          </maml:description>
          <command:parameterValue required="true" variableLength="false">Object</command:parameterValue>
        </command:parameter>
        <command:parameter required="true" variableLength="false" globbing="false" pipelineInput="false" position="named" aliases="">
          <maml:name>NotEndsWith</maml:name>
          <maml:description>
            <maml:para>Tests if the first value does not end with the second.

Note: The empty string ends all texts.

Return Value   Condition
------------   ---------
$null          one or both of the values is not of type System.String
$false         String method EndsWith(String, StringComparison) returns $true
$true          String method EndsWith(String, StringComparison) returns $false

*See the -UseCurrentCulture parameter for details about how language and culture can affect this parameter.</maml:para>
          </maml:description>
          <command:parameterValue required="true" variableLength="false">Object</command:parameterValue>
        </command:parameter>
        <command:parameter required="false" variableLength="false" globbing="false" pipelineInput="false" position="named" aliases="">
          <maml:name>CaseSensitive</maml:name>
          <maml:description>
            <maml:para>Makes the operators case-sensitive.

If this parameter is not specified, the operators will be case-insensitive.

*See the -UseCurrentCulture parameter for details about how language and culture can affect this parameter.</maml:para>
          </maml:description>
        </command:parameter>
        <command:parameter required="false" variableLength="false" globbing="false" pipelineInput="false" position="named" aliases="">
          <maml:name>UseCurrentCulture</maml:name>
          <maml:description>
            <maml:para>Makes the operators use the language rules of the current culture.

If this parameter is not specified, the operators will use the language rules from System.Globalization.CultureInfo.InvariantCulture. Operators using InvariantCulture will give the same results when the operations are run in different computers.

Note that the culture (including InvariantCulture) defines rules such as the ordering of the characters, the casing of the characters, and disturbingly, rules such as which characters can be ignored in text operations. This means that two string that are equal in one culture may not be equal in another culture. Even operations using InvariantCulture can compare two strings of different lengths as equal because the strings contain characters which are considered ignorable by the culture.

See the MSDN documentation for System.Globalization.CultureInfo for more information.</maml:para>
          </maml:description>
        </command:parameter>
      </command:syntaxItem>
      <command:syntaxItem>
        <maml:name>Test-Text</maml:name>
        <command:parameter required="true" variableLength="false" globbing="false" pipelineInput="false" position="1" aliases="">
          <maml:name>Value</maml:name>
          <maml:description>
            <maml:para>The value to test.</maml:para>
          </maml:description>
          <command:parameterValue required="true" variableLength="false">Object</command:parameterValue>
        </command:parameter>
        <command:parameter required="true" variableLength="false" globbing="false" pipelineInput="false" position="named" aliases="eq">
          <maml:name>Equals</maml:name>
          <maml:description>
            <maml:para>Tests if the first value is equal to the second.

The -Equals parameter has the alias -eq.

Return Value   Condition
------------   ---------
$null          one or both of the values is not of type System.String
$false         String.Equals(String, String, StringComparison) returns $false
$true          String.Equals(String, String, StringComparison) returns $true

*See the -UseCurrentCulture parameter for details about how language and culture can affect this parameter.</maml:para>
          </maml:description>
          <command:parameterValue required="true" variableLength="false">Object</command:parameterValue>
        </command:parameter>
        <command:parameter required="false" variableLength="false" globbing="false" pipelineInput="false" position="named" aliases="">
          <maml:name>CaseSensitive</maml:name>
          <maml:description>
            <maml:para>Makes the operators case-sensitive.

If this parameter is not specified, the operators will be case-insensitive.

*See the -UseCurrentCulture parameter for details about how language and culture can affect this parameter.</maml:para>
          </maml:description>
        </command:parameter>
        <command:parameter required="false" variableLength="false" globbing="false" pipelineInput="false" position="named" aliases="">
          <maml:name>UseCurrentCulture</maml:name>
          <maml:description>
            <maml:para>Makes the operators use the language rules of the current culture.

If this parameter is not specified, the operators will use the language rules from System.Globalization.CultureInfo.InvariantCulture. Operators using InvariantCulture will give the same results when the operations are run in different computers.

Note that the culture (including InvariantCulture) defines rules such as the ordering of the characters, the casing of the characters, and disturbingly, rules such as which characters can be ignored in text operations. This means that two string that are equal in one culture may not be equal in another culture. Even operations using InvariantCulture can compare two strings of different lengths as equal because the strings contain characters which are considered ignorable by the culture.

See the MSDN documentation for System.Globalization.CultureInfo for more information.</maml:para>
          </maml:description>
        </command:parameter>
      </command:syntaxItem>
      <command:syntaxItem>
        <maml:name>Test-Text</maml:name>
        <command:parameter required="true" variableLength="false" globbing="false" pipelineInput="false" position="1" aliases="">
          <maml:name>Value</maml:name>
          <maml:description>
            <maml:para>The value to test.</maml:para>
          </maml:description>
          <command:parameterValue required="true" variableLength="false">Object</command:parameterValue>
        </command:parameter>
        <command:parameter required="true" variableLength="false" globbing="false" pipelineInput="false" position="named" aliases="ne">
          <maml:name>NotEquals</maml:name>
          <maml:description>
            <maml:para>Tests if the first value is not equal to the second.

The -NotEquals parameter has the alias -ne.

Return Value   Condition
------------   ---------
$null          one or both of the values is not of type System.String
$false         String.Equals(String, String, StringComparison) returns $true
$true          String.Equals(String, String, StringComparison) returns $false

*See the -UseCurrentCulture parameter for details about how language and culture can affect this parameter.</maml:para>
          </maml:description>
          <command:parameterValue required="true" variableLength="false">Object</command:parameterValue>
        </command:parameter>
        <command:parameter required="false" variableLength="false" globbing="false" pipelineInput="false" position="named" aliases="">
          <maml:name>CaseSensitive</maml:name>
          <maml:description>
            <maml:para>Makes the operators case-sensitive.

If this parameter is not specified, the operators will be case-insensitive.

*See the -UseCurrentCulture parameter for details about how language and culture can affect this parameter.</maml:para>
          </maml:description>
        </command:parameter>
        <command:parameter required="false" variableLength="false" globbing="false" pipelineInput="false" position="named" aliases="">
          <maml:name>UseCurrentCulture</maml:name>
          <maml:description>
            <maml:para>Makes the operators use the language rules of the current culture.

If this parameter is not specified, the operators will use the language rules from System.Globalization.CultureInfo.InvariantCulture. Operators using InvariantCulture will give the same results when the operations are run in different computers.

Note that the culture (including InvariantCulture) defines rules such as the ordering of the characters, the casing of the characters, and disturbingly, rules such as which characters can be ignored in text operations. This means that two string that are equal in one culture may not be equal in another culture. Even operations using InvariantCulture can compare two strings of different lengths as equal because the strings contain characters which are considered ignorable by the culture.

See the MSDN documentation for System.Globalization.CultureInfo for more information.</maml:para>
          </maml:description>
        </command:parameter>
      </command:syntaxItem>
      <command:syntaxItem>
        <maml:name>Test-Text</maml:name>
        <command:parameter required="true" variableLength="false" globbing="false" pipelineInput="false" position="1" aliases="">
          <maml:name>Value</maml:name>
          <maml:description>
            <maml:para>The value to test.</maml:para>
          </maml:description>
          <command:parameterValue required="true" variableLength="false">Object</command:parameterValue>
        </command:parameter>
        <command:parameter required="true" variableLength="false" globbing="false" pipelineInput="false" position="named" aliases="lt">
          <maml:name>LessThan</maml:name>
          <maml:description>
            <maml:para>Tests if the first value is less than the second.

The -LessThan parameter has the alias -lt.

Return Value   Condition
------------   ---------
$null          one or both of the values is not of type System.String
$false         String.Compare(String, String, StringComparison) &gt;= 0
$true          String.Compare(String, String, StringComparison) &lt; 0

*See the -UseCurrentCulture parameter for details about how language and culture can affect this parameter.</maml:para>
          </maml:description>
          <command:parameterValue required="true" variableLength="false">Object</command:parameterValue>
        </command:parameter>
        <command:parameter required="false" variableLength="false" globbing="false" pipelineInput="false" position="named" aliases="">
          <maml:name>CaseSensitive</maml:name>
          <maml:description>
            <maml:para>Makes the operators case-sensitive.

If this parameter is not specified, the operators will be case-insensitive.

*See the -UseCurrentCulture parameter for details about how language and culture can affect this parameter.</maml:para>
          </maml:description>
        </command:parameter>
        <command:parameter required="false" variableLength="false" globbing="false" pipelineInput="false" position="named" aliases="">
          <maml:name>UseCurrentCulture</maml:name>
          <maml:description>
            <maml:para>Makes the operators use the language rules of the current culture.

If this parameter is not specified, the operators will use the language rules from System.Globalization.CultureInfo.InvariantCulture. Operators using InvariantCulture will give the same results when the operations are run in different computers.

Note that the culture (including InvariantCulture) defines rules such as the ordering of the characters, the casing of the characters, and disturbingly, rules such as which characters can be ignored in text operations. This means that two string that are equal in one culture may not be equal in another culture. Even operations using InvariantCulture can compare two strings of different lengths as equal because the strings contain characters which are considered ignorable by the culture.

See the MSDN documentation for System.Globalization.CultureInfo for more information.</maml:para>
          </maml:description>
        </command:parameter>
      </command:syntaxItem>
      <command:syntaxItem>
        <maml:name>Test-Text</maml:name>
        <command:parameter required="true" variableLength="false" globbing="false" pipelineInput="false" position="1" aliases="">
          <maml:name>Value</maml:name>
          <maml:description>
            <maml:para>The value to test.</maml:para>
          </maml:description>
          <command:parameterValue required="true" variableLength="false">Object</command:parameterValue>
        </command:parameter>
        <command:parameter required="true" variableLength="false" globbing="false" pipelineInput="false" position="named" aliases="le">
          <maml:name>LessThanOrEqualTo</maml:name>
          <maml:description>
            <maml:para>Tests if the first value is less than or equal to the second.

The -LessThanOrEqualTo parameter has the alias -le.

Return Value   Condition
------------   ---------
$null          one or both of the values is not of type System.String
$false         String.Compare(String, String, StringComparison) &gt; 0
$true          String.Compare(String, String, StringComparison) &lt;= 0

*See the -UseCurrentCulture parameter for details about how language and culture can affect this parameter.</maml:para>
          </maml:description>
          <command:parameterValue required="true" variableLength="false">Object</command:parameterValue>
        </command:parameter>
        <command:parameter required="false" variableLength="false" globbing="false" pipelineInput="false" position="named" aliases="">
          <maml:name>CaseSensitive</maml:name>
          <maml:description>
            <maml:para>Makes the operators case-sensitive.

If this parameter is not specified, the operators will be case-insensitive.

*See the -UseCurrentCulture parameter for details about how language and culture can affect this parameter.</maml:para>
          </maml:description>
        </command:parameter>
        <command:parameter required="false" variableLength="false" globbing="false" pipelineInput="false" position="named" aliases="">
          <maml:name>UseCurrentCulture</maml:name>
          <maml:description>
            <maml:para>Makes the operators use the language rules of the current culture.

If this parameter is not specified, the operators will use the language rules from System.Globalization.CultureInfo.InvariantCulture. Operators using InvariantCulture will give the same results when the operations are run in different computers.

Note that the culture (including InvariantCulture) defines rules such as the ordering of the characters, the casing of the characters, and disturbingly, rules such as which characters can be ignored in text operations. This means that two string that are equal in one culture may not be equal in another culture. Even operations using InvariantCulture can compare two strings of different lengths as equal because the strings contain characters which are considered ignorable by the culture.

See the MSDN documentation for System.Globalization.CultureInfo for more information.</maml:para>
          </maml:description>
        </command:parameter>
      </command:syntaxItem>
      <command:syntaxItem>
        <maml:name>Test-Text</maml:name>
        <command:parameter required="true" variableLength="false" globbing="false" pipelineInput="false" position="1" aliases="">
          <maml:name>Value</maml:name>
          <maml:description>
            <maml:para>The value to test.</maml:para>
          </maml:description>
          <command:parameterValue required="true" variableLength="false">Object</command:parameterValue>
        </command:parameter>
        <command:parameter required="true" variableLength="false" globbing="false" pipelineInput="false" position="named" aliases="gt">
          <maml:name>GreaterThan</maml:name>
          <maml:description>
            <maml:para>Tests if the first value is greater than the second.

The -GreaterThan parameter has the alias -gt.

Return Value   Condition
------------   ---------
$null          one or both of the values is not of type System.String
$false         String.Compare(String, String, StringComparison) &lt;= 0
$true          String.Compare(String, String, StringComparison) &gt; 0

*See the -UseCurrentCulture parameter for details about how language and culture can affect this parameter.</maml:para>
          </maml:description>
          <command:parameterValue required="true" variableLength="false">Object</command:parameterValue>
        </command:parameter>
        <command:parameter required="false" variableLength="false" globbing="false" pipelineInput="false" position="named" aliases="">
          <maml:name>CaseSensitive</maml:name>
          <maml:description>
            <maml:para>Makes the operators case-sensitive.

If this parameter is not specified, the operators will be case-insensitive.

*See the -UseCurrentCulture parameter for details about how language and culture can affect this parameter.</maml:para>
          </maml:description>
        </command:parameter>
        <command:parameter required="false" variableLength="false" globbing="false" pipelineInput="false" position="named" aliases="">
          <maml:name>UseCurrentCulture</maml:name>
          <maml:description>
            <maml:para>Makes the operators use the language rules of the current culture.

If this parameter is not specified, the operators will use the language rules from System.Globalization.CultureInfo.InvariantCulture. Operators using InvariantCulture will give the same results when the operations are run in different computers.

Note that the culture (including InvariantCulture) defines rules such as the ordering of the characters, the casing of the characters, and disturbingly, rules such as which characters can be ignored in text operations. This means that two string that are equal in one culture may not be equal in another culture. Even operations using InvariantCulture can compare two strings of different lengths as equal because the strings contain characters which are considered ignorable by the culture.

See the MSDN documentation for System.Globalization.CultureInfo for more information.</maml:para>
          </maml:description>
        </command:parameter>
      </command:syntaxItem>
      <command:syntaxItem>
        <maml:name>Test-Text</maml:name>
        <command:parameter required="true" variableLength="false" globbing="false" pipelineInput="false" position="1" aliases="">
          <maml:name>Value</maml:name>
          <maml:description>
            <maml:para>The value to test.</maml:para>
          </maml:description>
          <command:parameterValue required="true" variableLength="false">Object</command:parameterValue>
        </command:parameter>
        <command:parameter required="true" variableLength="false" globbing="false" pipelineInput="false" position="named" aliases="ge">
          <maml:name>GreaterThanOrEqualTo</maml:name>
          <maml:description>
            <maml:para>Tests if the first value is greater than or equal to the second.

The -GreaterThanOrEqualTo parameter has the alias -ge.

Return Value   Condition
------------   ---------
$null          one or both of the values is not of type System.String
$false         String.Compare(String, String, StringComparison) &lt; 0
$true          String.Compare(String, String, StringComparison) &gt;= 0

*See the -UseCurrentCulture parameter for details about how language and culture can affect this parameter.</maml:para>
          </maml:description>
          <command:parameterValue required="true" variableLength="false">Object</command:parameterValue>
        </command:parameter>
        <command:parameter required="false" variableLength="false" globbing="false" pipelineInput="false" position="named" aliases="">
          <maml:name>CaseSensitive</maml:name>
          <maml:description>
            <maml:para>Makes the operators case-sensitive.

If this parameter is not specified, the operators will be case-insensitive.

*See the -UseCurrentCulture parameter for details about how language and culture can affect this parameter.</maml:para>
          </maml:description>
        </command:parameter>
        <command:parameter required="false" variableLength="false" globbing="false" pipelineInput="false" position="named" aliases="">
          <maml:name>UseCurrentCulture</maml:name>
          <maml:description>
            <maml:para>Makes the operators use the language rules of the current culture.

If this parameter is not specified, the operators will use the language rules from System.Globalization.CultureInfo.InvariantCulture. Operators using InvariantCulture will give the same results when the operations are run in different computers.

Note that the culture (including InvariantCulture) defines rules such as the ordering of the characters, the casing of the characters, and disturbingly, rules such as which characters can be ignored in text operations. This means that two string that are equal in one culture may not be equal in another culture. Even operations using InvariantCulture can compare two strings of different lengths as equal because the strings contain characters which are considered ignorable by the culture.

See the MSDN documentation for System.Globalization.CultureInfo for more information.</maml:para>
          </maml:description>
        </command:parameter>
      </command:syntaxItem>
    </command:syntax>
    <command:parameters>
      <command:parameter required="true" variableLength="false" globbing="false" pipelineInput="false" position="1" aliases="">
        <maml:name>Value</maml:name>
        <maml:description>
          <maml:para>The value to test.</maml:para>
        </maml:description>
        <command:parameterValue required="true" variableLength="false">Object</command:parameterValue>
        <dev:type>
          <maml:name>Object</maml:name>
          <maml:uri />
        </dev:type>
        <dev:defaultValue />
      </command:parameter>
      <command:parameter required="false" variableLength="false" globbing="false" pipelineInput="false" position="named" aliases="">
        <maml:name>IsText</maml:name>
        <maml:description>
          <maml:para>Tests if the value is text.

Return Value   Condition
------------   ---------
$null          never
$false         value is not of type System.String
$true          value is of type System.String</maml:para>
        </maml:description>
        <command:parameterValue required="false" variableLength="false">SwitchParameter</command:parameterValue>
        <dev:type>
          <maml:name>SwitchParameter</maml:name>
          <maml:uri />
        </dev:type>
        <dev:defaultValue>False</dev:defaultValue>
      </command:parameter>
      <command:parameter required="true" variableLength="false" globbing="false" pipelineInput="false" position="named" aliases="">
        <maml:name>Match</maml:name>
        <maml:description>
          <maml:para>Tests if the first value matches the regular expression pattern in the second.

Return Value   Condition
------------   ---------
$null          one or both of the values is not of type System.String
$false         Regex.IsMatch(String, String, RegexOptions) returns $false
$true          Regex.IsMatch(String, String, RegexOptions) returns $true

*See the -UseCurrentCulture parameter for details about how language and culture can affect this parameter.</maml:para>
        </maml:description>
        <command:parameterValue required="true" variableLength="false">Object</command:parameterValue>
        <dev:type>
          <maml:name>Object</maml:name>
          <maml:uri />
        </dev:type>
        <dev:defaultValue />
      </command:parameter>
      <command:parameter required="true" variableLength="false" globbing="false" pipelineInput="false" position="named" aliases="">
        <maml:name>NotMatch</maml:name>
        <maml:description>
          <maml:para>Tests if the first value does not match the regular expression pattern in the second.

Return Value   Condition
------------   ---------
$null          one or both of the values is not of type System.String
$false         Regex.IsMatch(String, String, RegexOptions) returns $true
$true          Regex.IsMatch(String, String, RegexOptions) returns $false

*See the -UseCurrentCulture parameter for details about how language and culture can affect this parameter.</maml:para>
        </maml:description>
        <command:parameterValue required="true" variableLength="false">Object</command:parameterValue>
        <dev:type>
          <maml:name>Object</maml:name>
          <maml:uri />
        </dev:type>
        <dev:defaultValue />
      </command:parameter>
      <command:parameter required="true" variableLength="false" globbing="false" pipelineInput="false" position="named" aliases="">
        <maml:name>Contains</maml:name>
        <maml:description>
          <maml:para>Tests if the first value contains the second.

Note: The empty string is inside all texts.

Return Value   Condition
------------   ---------
$null          one or both of the values is not of type System.String
$false         String method IndexOf(String, StringComparison) &lt; 0
$true          String method IndexOf(String, StringComparison) &gt;= 0

*See the -UseCurrentCulture parameter for details about how language and culture can affect this parameter.</maml:para>
        </maml:description>
        <command:parameterValue required="true" variableLength="false">Object</command:parameterValue>
        <dev:type>
          <maml:name>Object</maml:name>
          <maml:uri />
        </dev:type>
        <dev:defaultValue />
      </command:parameter>
      <command:parameter required="true" variableLength="false" globbing="false" pipelineInput="false" position="named" aliases="">
        <maml:name>NotContains</maml:name>
        <maml:description>
          <maml:para>Tests if the first value does not contain the second.

Note: The empty string is inside all texts.

Return Value   Condition
------------   ---------
$null          one or both of the values is not of type System.String
$false         String method IndexOf(String, StringComparison) &gt;= 0
$true          String method IndexOf(String, StringComparison) &lt; 0

*See the -UseCurrentCulture parameter for details about how language and culture can affect this parameter.</maml:para>
        </maml:description>
        <command:parameterValue required="true" variableLength="false">Object</command:parameterValue>
        <dev:type>
          <maml:name>Object</maml:name>
          <maml:uri />
        </dev:type>
        <dev:defaultValue />
      </command:parameter>
      <command:parameter required="true" variableLength="false" globbing="false" pipelineInput="false" position="named" aliases="">
        <maml:name>StartsWith</maml:name>
        <maml:description>
          <maml:para>Tests if the first value starts with the second.

Note: The empty string starts all texts.

Return Value   Condition
------------   ---------
$null          one or both of the values is not of type System.String
$false         String method StartsWith(String, StringComparison) returns $false
$true          String method StartsWith(String, StringComparison) returns $true

*See the -UseCurrentCulture parameter for details about how language and culture can affect this parameter.</maml:para>
        </maml:description>
        <command:parameterValue required="true" variableLength="false">Object</command:parameterValue>
        <dev:type>
          <maml:name>Object</maml:name>
          <maml:uri />
        </dev:type>
        <dev:defaultValue />
      </command:parameter>
      <command:parameter required="true" variableLength="false" globbing="false" pipelineInput="false" position="named" aliases="">
        <maml:name>NotStartsWith</maml:name>
        <maml:description>
          <maml:para>Tests if the first value does not start with the second.

Note: The empty string starts all texts.

Return Value   Condition
------------   ---------
$null          one or both of the values is not of type System.String
$false         String method StartsWith(String, StringComparison) returns $true
$true          String method StartsWith(String, StringComparison) returns $false

*See the -UseCurrentCulture parameter for details about how language and culture can affect this parameter.</maml:para>
        </maml:description>
        <command:parameterValue required="true" variableLength="false">Object</command:parameterValue>
        <dev:type>
          <maml:name>Object</maml:name>
          <maml:uri />
        </dev:type>
        <dev:defaultValue />
      </command:parameter>
      <command:parameter required="true" variableLength="false" globbing="false" pipelineInput="false" position="named" aliases="">
        <maml:name>EndsWith</maml:name>
        <maml:description>
          <maml:para>Tests if the first value ends with the second.

Note: The empty string ends all texts.

Return Value   Condition
------------   ---------
$null          one or both of the values is not of type System.String
$false         String method EndsWith(String, StringComparison) returns $false
$true          String method EndsWith(String, StringComparison) returns $true

*See the -UseCurrentCulture parameter for details about how language and culture can affect this parameter.</maml:para>
        </maml:description>
        <command:parameterValue required="true" variableLength="false">Object</command:parameterValue>
        <dev:type>
          <maml:name>Object</maml:name>
          <maml:uri />
        </dev:type>
        <dev:defaultValue />
      </command:parameter>
      <command:parameter required="true" variableLength="false" globbing="false" pipelineInput="false" position="named" aliases="">
        <maml:name>NotEndsWith</maml:name>
        <maml:description>
          <maml:para>Tests if the first value does not end with the second.

Note: The empty string ends all texts.

Return Value   Condition
------------   ---------
$null          one or both of the values is not of type System.String
$false         String method EndsWith(String, StringComparison) returns $true
$true          String method EndsWith(String, StringComparison) returns $false

*See the -UseCurrentCulture parameter for details about how language and culture can affect this parameter.</maml:para>
        </maml:description>
        <command:parameterValue required="true" variableLength="false">Object</command:parameterValue>
        <dev:type>
          <maml:name>Object</maml:name>
          <maml:uri />
        </dev:type>
        <dev:defaultValue />
      </command:parameter>
      <command:parameter required="true" variableLength="false" globbing="false" pipelineInput="false" position="named" aliases="eq">
        <maml:name>Equals</maml:name>
        <maml:description>
          <maml:para>Tests if the first value is equal to the second.

The -Equals parameter has the alias -eq.

Return Value   Condition
------------   ---------
$null          one or both of the values is not of type System.String
$false         String.Equals(String, String, StringComparison) returns $false
$true          String.Equals(String, String, StringComparison) returns $true

*See the -UseCurrentCulture parameter for details about how language and culture can affect this parameter.</maml:para>
        </maml:description>
        <command:parameterValue required="true" variableLength="false">Object</command:parameterValue>
        <dev:type>
          <maml:name>Object</maml:name>
          <maml:uri />
        </dev:type>
        <dev:defaultValue />
      </command:parameter>
      <command:parameter required="true" variableLength="false" globbing="false" pipelineInput="false" position="named" aliases="ne">
        <maml:name>NotEquals</maml:name>
        <maml:description>
          <maml:para>Tests if the first value is not equal to the second.

The -NotEquals parameter has the alias -ne.

Return Value   Condition
------------   ---------
$null          one or both of the values is not of type System.String
$false         String.Equals(String, String, StringComparison) returns $true
$true          String.Equals(String, String, StringComparison) returns $false

*See the -UseCurrentCulture parameter for details about how language and culture can affect this parameter.</maml:para>
        </maml:description>
        <command:parameterValue required="true" variableLength="false">Object</command:parameterValue>
        <dev:type>
          <maml:name>Object</maml:name>
          <maml:uri />
        </dev:type>
        <dev:defaultValue />
      </command:parameter>
      <command:parameter required="true" variableLength="false" globbing="false" pipelineInput="false" position="named" aliases="lt">
        <maml:name>LessThan</maml:name>
        <maml:description>
          <maml:para>Tests if the first value is less than the second.

The -LessThan parameter has the alias -lt.

Return Value   Condition
------------   ---------
$null          one or both of the values is not of type System.String
$false         String.Compare(String, String, StringComparison) &gt;= 0
$true          String.Compare(String, String, StringComparison) &lt; 0

*See the -UseCurrentCulture parameter for details about how language and culture can affect this parameter.</maml:para>
        </maml:description>
        <command:parameterValue required="true" variableLength="false">Object</command:parameterValue>
        <dev:type>
          <maml:name>Object</maml:name>
          <maml:uri />
        </dev:type>
        <dev:defaultValue />
      </command:parameter>
      <command:parameter required="true" variableLength="false" globbing="false" pipelineInput="false" position="named" aliases="le">
        <maml:name>LessThanOrEqualTo</maml:name>
        <maml:description>
          <maml:para>Tests if the first value is less than or equal to the second.

The -LessThanOrEqualTo parameter has the alias -le.

Return Value   Condition
------------   ---------
$null          one or both of the values is not of type System.String
$false         String.Compare(String, String, StringComparison) &gt; 0
$true          String.Compare(String, String, StringComparison) &lt;= 0

*See the -UseCurrentCulture parameter for details about how language and culture can affect this parameter.</maml:para>
        </maml:description>
        <command:parameterValue required="true" variableLength="false">Object</command:parameterValue>
        <dev:type>
          <maml:name>Object</maml:name>
          <maml:uri />
        </dev:type>
        <dev:defaultValue />
      </command:parameter>
      <command:parameter required="true" variableLength="false" globbing="false" pipelineInput="false" position="named" aliases="gt">
        <maml:name>GreaterThan</maml:name>
        <maml:description>
          <maml:para>Tests if the first value is greater than the second.

The -GreaterThan parameter has the alias -gt.

Return Value   Condition
------------   ---------
$null          one or both of the values is not of type System.String
$false         String.Compare(String, String, StringComparison) &lt;= 0
$true          String.Compare(String, String, StringComparison) &gt; 0

*See the -UseCurrentCulture parameter for details about how language and culture can affect this parameter.</maml:para>
        </maml:description>
        <command:parameterValue required="true" variableLength="false">Object</command:parameterValue>
        <dev:type>
          <maml:name>Object</maml:name>
          <maml:uri />
        </dev:type>
        <dev:defaultValue />
      </command:parameter>
      <command:parameter required="true" variableLength="false" globbing="false" pipelineInput="false" position="named" aliases="ge">
        <maml:name>GreaterThanOrEqualTo</maml:name>
        <maml:description>
          <maml:para>Tests if the first value is greater than or equal to the second.

The -GreaterThanOrEqualTo parameter has the alias -ge.

Return Value   Condition
------------   ---------
$null          one or both of the values is not of type System.String
$false         String.Compare(String, String, StringComparison) &lt; 0
$true          String.Compare(String, String, StringComparison) &gt;= 0

*See the -UseCurrentCulture parameter for details about how language and culture can affect this parameter.</maml:para>
        </maml:description>
        <command:parameterValue required="true" variableLength="false">Object</command:parameterValue>
        <dev:type>
          <maml:name>Object</maml:name>
          <maml:uri />
        </dev:type>
        <dev:defaultValue />
      </command:parameter>
      <command:parameter required="false" variableLength="false" globbing="false" pipelineInput="false" position="named" aliases="">
        <maml:name>CaseSensitive</maml:name>
        <maml:description>
          <maml:para>Makes the operators case-sensitive.

If this parameter is not specified, the operators will be case-insensitive.

*See the -UseCurrentCulture parameter for details about how language and culture can affect this parameter.</maml:para>
        </maml:description>
        <command:parameterValue required="false" variableLength="false">SwitchParameter</command:parameterValue>
        <dev:type>
          <maml:name>SwitchParameter</maml:name>
          <maml:uri />
        </dev:type>
        <dev:defaultValue>False</dev:defaultValue>
      </command:parameter>
      <command:parameter required="false" variableLength="false" globbing="false" pipelineInput="false" position="named" aliases="">
        <maml:name>UseCurrentCulture</maml:name>
        <maml:description>
          <maml:para>Makes the operators use the language rules of the current culture.

If this parameter is not specified, the operators will use the language rules from System.Globalization.CultureInfo.InvariantCulture. Operators using InvariantCulture will give the same results when the operations are run in different computers.

Note that the culture (including InvariantCulture) defines rules such as the ordering of the characters, the casing of the characters, and disturbingly, rules such as which characters can be ignored in text operations. This means that two string that are equal in one culture may not be equal in another culture. Even operations using InvariantCulture can compare two strings of different lengths as equal because the strings contain characters which are considered ignorable by the culture.

See the MSDN documentation for System.Globalization.CultureInfo for more information.</maml:para>
        </maml:description>
        <command:parameterValue required="false" variableLength="false">SwitchParameter</command:parameterValue>
        <dev:type>
          <maml:name>SwitchParameter</maml:name>
          <maml:uri />
        </dev:type>
        <dev:defaultValue>False</dev:defaultValue>
      </command:parameter>
    </command:parameters>
    <command:inputTypes>
      <command:inputType>
        <dev:type>
          <maml:name>None

This function does not accept input from the pipeline.</maml:name>
          <maml:uri />
        </dev:type>
        <maml:description>
          <maml:para />
        </maml:description>
      </command:inputType>
    </command:inputTypes>
    <command:returnValues>
      <command:returnValue>
        <dev:type>
          <maml:name>System.Boolean

This function returns a Boolean if the test can be performed.</maml:name>
          <maml:uri />
          <maml:description>
            <maml:para />
          </maml:description>
        </dev:type>
        <maml:description>
          <maml:para />
        </maml:description>
      </command:returnValue>
      <command:returnValue>
        <dev:type>
          <maml:name>$null

This function returns $null if the test cannot be performed.</maml:name>
          <maml:uri />
          <maml:description>
            <maml:para />
          </maml:description>
        </dev:type>
        <maml:description>
          <maml:para />
        </maml:description>
      </command:returnValue>
    </command:returnValues>
    <command:terminatingErrors />
    <command:nonTerminatingErrors />
    <maml:alertSet>
      <maml:alert>
        <maml:para>An example of how this function might be used in a unit test.

#recommended alias
set-alias 'text?' 'test-text'

#if you have an assert function, you can write assertions like this
assert (text? $greeting)
assert (text? $greeting -match '[chj]ello world')
assert (text? $greeting -startswith 'Hello' -casesensitive -usecurrentculture)</maml:para>
      </maml:alert>
    </maml:alertSet>
    <command:examples>
      <command:example>
        <maml:title>-------------------------- EXAMPLE 1 --------------------------</maml:title>
        <maml:introduction>
          <maml:para>C:\PS&gt;</maml:para>
        </maml:introduction>
        <dev:code>Test-Text $a</dev:code>
        <dev:remarks>
          <maml:para>Returns $true if $a is text (an object of type System.String).</maml:para>
          <maml:para />
          <maml:para />
          <maml:para />
          <maml:para />
        </dev:remarks>
      </command:example>
      <command:example>
        <maml:title>-------------------------- EXAMPLE 2 --------------------------</maml:title>
        <maml:introduction>
          <maml:para>C:\PS&gt;</maml:para>
        </maml:introduction>
        <dev:code>Test-Text $a -eq $b</dev:code>
        <dev:remarks>
          <maml:para>Returns $true if $a and $b contains text that are equal according to the rules of InvariantCulture.
Returns $null if $a or $b is not text.</maml:para>
          <maml:para />
          <maml:para />
          <maml:para />
          <maml:para />
        </dev:remarks>
      </command:example>
      <command:example>
        <maml:title>-------------------------- EXAMPLE 3 --------------------------</maml:title>
        <maml:introduction>
          <maml:para>C:\PS&gt;</maml:para>
        </maml:introduction>
        <dev:code>Test-Text $a -eq $b -CaseSensitive -UseCurrentCulture</dev:code>
        <dev:remarks>
          <maml:para>Returns $true if $a and $b contains text that are equal (both in content and in case) according to the rules of the culture currently being used by PowerShell.
Returns $null if $a or $b is not text.</maml:para>
          <maml:para />
          <maml:para />
          <maml:para />
          <maml:para />
        </dev:remarks>
      </command:example>
      <command:example>
        <maml:title>-------------------------- EXAMPLE 4 --------------------------</maml:title>
        <maml:introduction>
          <maml:para>C:\PS&gt;</maml:para>
        </maml:introduction>
        <dev:code>Test-Text $a -match $b</dev:code>
        <dev:remarks>
          <maml:para>Returns $true if the text in $a matches the regular expression pattern in $b (case-insensitive match) according to the rules of InvariantCulture.
Returns $null if $a or $b is not text.</maml:para>
          <maml:para />
          <maml:para />
          <maml:para />
          <maml:para />
        </dev:remarks>
      </command:example>
    </command:examples>
    <maml:relatedLinks>
      <maml:navigationLink>
        <maml:linkText>Test-DateTime</maml:linkText>
        <maml:uri />
      </maml:navigationLink>
      <maml:navigationLink>
        <maml:linkText>Test-Guid</maml:linkText>
        <maml:uri />
      </maml:navigationLink>
      <maml:navigationLink>
        <maml:linkText>Test-Number</maml:linkText>
        <maml:uri />
      </maml:navigationLink>
      <maml:navigationLink>
        <maml:linkText>Test-String</maml:linkText>
        <maml:uri />
      </maml:navigationLink>
      <maml:navigationLink>
        <maml:linkText>Test-TimeSpan</maml:linkText>
        <maml:uri />
      </maml:navigationLink>
      <maml:navigationLink>
        <maml:linkText>Test-Version</maml:linkText>
        <maml:uri />
      </maml:navigationLink>
    </maml:relatedLinks>
  </command:command>
</helpItems>
