<?xml version="1.0" encoding="utf-8"?>
<helpItems schema="maml">
  <command:command xmlns:maml="http://schemas.microsoft.com/maml/2004/10" xmlns:dev="http://schemas.microsoft.com/maml/dev/2004/10" xmlns:MSHelp="http://msdn.microsoft.com/mshelp" xmlns:command="http://schemas.microsoft.com/maml/dev/command/2004/10">
    <command:details>
      <command:name>Test-NotNull</command:name>
      <maml:description>
        <maml:para>Test that a value is not $null.</maml:para>
      </maml:description>
      <maml:copyright>
        <maml:para />
      </maml:copyright>
      <command:verb>Test</command:verb>
      <command:noun>NotNull</command:noun>
      <dev:version />
    </command:details>
    <maml:description>
      <maml:para>This function tests if a value is not $null without the filtering semantics from the PowerShell comparison operators.

    Return Value   Condition
    ------------   ---------
    $null          never
    $false         value is $null
    $true          value is not $null</maml:para>
    </maml:description>
    <command:syntax>
      <command:syntaxItem>
        <maml:name>Test-NotNull</maml:name>
        <command:parameter required="true" globbing="false" pipelineInput="false" position="1">
          <maml:name>Value</maml:name>
          <command:parameterValue required="true">Object</command:parameterValue>
        </command:parameter>
      </command:syntaxItem>
    </command:syntax>
    <command:parameters>
      <command:parameter required="true" globbing="false" pipelineInput="false" position="1">
        <maml:name>Value</maml:name>
        <maml:description>
          <maml:para>The value to test.</maml:para>
        </maml:description>
        <command:parameterValue required="true">Object</command:parameterValue>
        <dev:type>
          <maml:name>Object</maml:name>
          <maml:uri>
          </maml:uri>
        </dev:type>
        <dev:defaultValue>
        </dev:defaultValue>
      </command:parameter>
    </command:parameters>
    <command:inputTypes>
      <command:inputType>
        <dev:type>
          <maml:name>None

This function does not accept input from the pipeline.</maml:name>
          <maml:uri>
          </maml:uri>
        </dev:type>
      </command:inputType>
    </command:inputTypes>
    <command:returnValues>
      <command:returnValue>
        <dev:type>
          <maml:name>System.Boolean</maml:name>
          <maml:uri>
          </maml:uri>
        </dev:type>
      </command:returnValue>
    </command:returnValues>
    <maml:alertSet>
      <maml:alert>
        <maml:para>An example of how this function might be used in a unit test.

#recommended alias
set-alias 'notNull?' 'test-notnull'

assert-all    $items {param($a) (notNull? $a.b) -and (notNull? $a.c)}
assert-exists $items {param($a) (notNull? $a.d) -xor (notNull? $a.e)}</maml:para>
      </maml:alert>
    </maml:alertSet>
    <command:examples>
      <command:example>
        <maml:title>-------------------------- EXAMPLE 1 --------------------------</maml:title>
        <maml:introduction>
          <maml:para>C:\PS&gt;</maml:para>
        </maml:introduction>
        <dev:code>Test-NotNull @(1)</dev:code>
        <dev:remarks>
          <maml:para>Test if the value is not $null without filtering semantics.

Note:
Compare the example above with the following expressions:
    10 -ne $null
    @(10) -ne $null
and see how tests can become confusing if the value is stored in a variable or if the value is not expected to be an array.</maml:para>
          <maml:para>
          </maml:para>
          <maml:para>
          </maml:para>
          <maml:para>
          </maml:para>
          <maml:para>
          </maml:para>
        </dev:remarks>
      </command:example>
    </command:examples>
    <maml:relatedLinks>
      <maml:navigationLink>
        <maml:linkText>Test-True</maml:linkText>
        <maml:uri>
        </maml:uri>
      </maml:navigationLink>
      <maml:navigationLink>
        <maml:linkText>Test-False</maml:linkText>
        <maml:uri>
        </maml:uri>
      </maml:navigationLink>
      <maml:navigationLink>
        <maml:linkText>Test-Null</maml:linkText>
        <maml:uri>
        </maml:uri>
      </maml:navigationLink>
      <maml:navigationLink>
        <maml:linkText>Test-NotTrue</maml:linkText>
        <maml:uri>
        </maml:uri>
      </maml:navigationLink>
      <maml:navigationLink>
        <maml:linkText>Test-NotFalse</maml:linkText>
        <maml:uri>
        </maml:uri>
      </maml:navigationLink>
      <maml:navigationLink>
        <maml:linkText>Test-All</maml:linkText>
        <maml:uri>
        </maml:uri>
      </maml:navigationLink>
      <maml:navigationLink>
        <maml:linkText>Test-Exists</maml:linkText>
        <maml:uri>
        </maml:uri>
      </maml:navigationLink>
      <maml:navigationLink>
        <maml:linkText>Test-NotExists</maml:linkText>
        <maml:uri>
        </maml:uri>
      </maml:navigationLink>
    </maml:relatedLinks>
  </command:command>
</helpItems>
