<?xml version="1.0" encoding="utf-8"?>
<helpItems schema="maml">
  <command:command xmlns:maml="http://schemas.microsoft.com/maml/2004/10" xmlns:dev="http://schemas.microsoft.com/maml/dev/2004/10" xmlns:MSHelp="http://msdn.microsoft.com/mshelp" xmlns:command="http://schemas.microsoft.com/maml/dev/command/2004/10">
    <command:details>
      <command:name>Test-Version</command:name>
      <maml:description>
        <maml:para>An alternative to PowerShell's comparison operators when testing Version objects in unit test scenarios.</maml:para>
      </maml:description>
      <command:verb>Test</command:verb>
      <command:noun>Version</command:noun>
    </command:details>
    <maml:description>
      <maml:para>This function tests a Version object for type and equality without the implicit conversions or the filtering semantics from the PowerShell comparison operators.

This function will return one of the following values:
    $true
    $false
    $null

A return value of $null indicates an invalid test. See each parameter for specific conditions that causes this function to return $true, $false, or $null.</maml:para>
    </maml:description>
    <command:syntax>
      <command:syntaxItem>
        <maml:name>Test-Version</maml:name>
        <command:parameter required="true" globbing="false" pipelineInput="false" position="1">
          <maml:name>Value</maml:name>
          <command:parameterValue required="true">Object</command:parameterValue>
        </command:parameter>
        <command:parameter required="false" globbing="false" pipelineInput="false" position="named">
          <maml:name>IsVersion</maml:name>
        </command:parameter>
      </command:syntaxItem>
      <command:syntaxItem>
        <maml:name>Test-Version</maml:name>
        <command:parameter required="true" globbing="false" pipelineInput="false" position="1">
          <maml:name>Value</maml:name>
          <command:parameterValue required="true">Object</command:parameterValue>
        </command:parameter>
        <command:parameter required="true" globbing="false" pipelineInput="false" position="named">
          <maml:name>Equals</maml:name>
          <command:parameterValue required="true">Object</command:parameterValue>
        </command:parameter>
        <command:parameter required="false" globbing="false" pipelineInput="false" position="named">
          <maml:name>Property</maml:name>
          <command:parameterValue required="true">String[]</command:parameterValue>
        </command:parameter>
      </command:syntaxItem>
      <command:syntaxItem>
        <maml:name>Test-Version</maml:name>
        <command:parameter required="true" globbing="false" pipelineInput="false" position="1">
          <maml:name>Value</maml:name>
          <command:parameterValue required="true">Object</command:parameterValue>
        </command:parameter>
        <command:parameter required="true" globbing="false" pipelineInput="false" position="named">
          <maml:name>NotEquals</maml:name>
          <command:parameterValue required="true">Object</command:parameterValue>
        </command:parameter>
        <command:parameter required="false" globbing="false" pipelineInput="false" position="named">
          <maml:name>Property</maml:name>
          <command:parameterValue required="true">String[]</command:parameterValue>
        </command:parameter>
      </command:syntaxItem>
      <command:syntaxItem>
        <maml:name>Test-Version</maml:name>
        <command:parameter required="true" globbing="false" pipelineInput="false" position="1">
          <maml:name>Value</maml:name>
          <command:parameterValue required="true">Object</command:parameterValue>
        </command:parameter>
        <command:parameter required="true" globbing="false" pipelineInput="false" position="named">
          <maml:name>LessThan</maml:name>
          <command:parameterValue required="true">Object</command:parameterValue>
        </command:parameter>
        <command:parameter required="false" globbing="false" pipelineInput="false" position="named">
          <maml:name>Property</maml:name>
          <command:parameterValue required="true">String[]</command:parameterValue>
        </command:parameter>
      </command:syntaxItem>
      <command:syntaxItem>
        <maml:name>Test-Version</maml:name>
        <command:parameter required="true" globbing="false" pipelineInput="false" position="1">
          <maml:name>Value</maml:name>
          <command:parameterValue required="true">Object</command:parameterValue>
        </command:parameter>
        <command:parameter required="true" globbing="false" pipelineInput="false" position="named">
          <maml:name>LessThanOrEqualTo</maml:name>
          <command:parameterValue required="true">Object</command:parameterValue>
        </command:parameter>
        <command:parameter required="false" globbing="false" pipelineInput="false" position="named">
          <maml:name>Property</maml:name>
          <command:parameterValue required="true">String[]</command:parameterValue>
        </command:parameter>
      </command:syntaxItem>
      <command:syntaxItem>
        <maml:name>Test-Version</maml:name>
        <command:parameter required="true" globbing="false" pipelineInput="false" position="1">
          <maml:name>Value</maml:name>
          <command:parameterValue required="true">Object</command:parameterValue>
        </command:parameter>
        <command:parameter required="true" globbing="false" pipelineInput="false" position="named">
          <maml:name>GreaterThan</maml:name>
          <command:parameterValue required="true">Object</command:parameterValue>
        </command:parameter>
        <command:parameter required="false" globbing="false" pipelineInput="false" position="named">
          <maml:name>Property</maml:name>
          <command:parameterValue required="true">String[]</command:parameterValue>
        </command:parameter>
      </command:syntaxItem>
      <command:syntaxItem>
        <maml:name>Test-Version</maml:name>
        <command:parameter required="true" globbing="false" pipelineInput="false" position="1">
          <maml:name>Value</maml:name>
          <command:parameterValue required="true">Object</command:parameterValue>
        </command:parameter>
        <command:parameter required="true" globbing="false" pipelineInput="false" position="named">
          <maml:name>GreaterThanOrEqualTo</maml:name>
          <command:parameterValue required="true">Object</command:parameterValue>
        </command:parameter>
        <command:parameter required="false" globbing="false" pipelineInput="false" position="named">
          <maml:name>Property</maml:name>
          <command:parameterValue required="true">String[]</command:parameterValue>
        </command:parameter>
      </command:syntaxItem>
    </command:syntax>
    <command:parameters>
      <command:parameter required="true" globbing="false" pipelineInput="false" position="1">
        <maml:name>Value</maml:name>
        <maml:description>
          <maml:para>The value to test.</maml:para>
        </maml:description>
        <command:parameterValue required="true">Object</command:parameterValue>
        <dev:type>
          <maml:name>Object</maml:name>
        </dev:type>
        <dev:defaultValue>
        </dev:defaultValue>
      </command:parameter>
      <command:parameter required="false" globbing="false" pipelineInput="false" position="named">
        <maml:name>IsVersion</maml:name>
        <maml:description>
          <maml:para>Tests if the value is a Version object.

Return Value   Condition
------------   ---------
$null          never
$false         value is not a Version object
$true          value is a Version object</maml:para>
        </maml:description>
        <command:parameterValue required="false">SwitchParameter</command:parameterValue>
        <dev:type>
          <maml:name>SwitchParameter</maml:name>
        </dev:type>
        <dev:defaultValue>True</dev:defaultValue>
      </command:parameter>
      <command:parameter required="true" globbing="false" pipelineInput="false" position="named">
        <maml:name>Equals</maml:name>
        <maml:description>
          <maml:para>Tests if the first value is equal to the second.

The -Equals parameter has the alias -eq.

Return Value   Condition
------------   ---------
$null          one or both of the values is not a Version object
$false         System.Version method CompareTo(Version) != 0
$true          System.Version method CompareTo(Version) == 0

Note: If the -Property parameter is specified, a different comparison method is used.</maml:para>
        </maml:description>
        <command:parameterValue required="true">Object</command:parameterValue>
        <dev:type>
          <maml:name>Object</maml:name>
        </dev:type>
        <dev:defaultValue>
        </dev:defaultValue>
      </command:parameter>
      <command:parameter required="true" globbing="false" pipelineInput="false" position="named">
        <maml:name>NotEquals</maml:name>
        <maml:description>
          <maml:para>Tests if the first value is not equal to the second.

The -NotEquals parameter has the alias -ne.

Return Value   Condition
------------   ---------
$null          one or both of the values is not a Version object
$false         System.Version method CompareTo(Version) == 0
$true          System.Version method CompareTo(Version) != 0

Note: If the -Property parameter is specified, a different comparison method is used.</maml:para>
        </maml:description>
        <command:parameterValue required="true">Object</command:parameterValue>
        <dev:type>
          <maml:name>Object</maml:name>
        </dev:type>
        <dev:defaultValue>
        </dev:defaultValue>
      </command:parameter>
      <command:parameter required="true" globbing="false" pipelineInput="false" position="named">
        <maml:name>LessThan</maml:name>
        <maml:description>
          <maml:para>Tests if the first value is less than the second.

The -LessThan parameter has the alias -lt.

Return Value   Condition
------------   ---------
$null          one or both of the values is not a Version object
$false         System.Version method CompareTo(Version) &gt;= 0
$true          System.Version method CompareTo(Version) &lt; 0

Note: If the -Property parameter is specified, a different comparison method is used.</maml:para>
        </maml:description>
        <command:parameterValue required="true">Object</command:parameterValue>
        <dev:type>
          <maml:name>Object</maml:name>
        </dev:type>
        <dev:defaultValue>
        </dev:defaultValue>
      </command:parameter>
      <command:parameter required="true" globbing="false" pipelineInput="false" position="named">
        <maml:name>LessThanOrEqualTo</maml:name>
        <maml:description>
          <maml:para>Tests if the first value is less than or equal to the second.

The -LessThanOrEqualTo parameter has the alias -le.

Return Value   Condition
------------   ---------
$null          one or both of the values is not a Version object
$false         System.Version method CompareTo(Version) &gt; 0
$true          System.Version method CompareTo(Version) &lt;= 0

Note: If the -Property parameter is specified, a different comparison method is used.</maml:para>
        </maml:description>
        <command:parameterValue required="true">Object</command:parameterValue>
        <dev:type>
          <maml:name>Object</maml:name>
        </dev:type>
        <dev:defaultValue>
        </dev:defaultValue>
      </command:parameter>
      <command:parameter required="true" globbing="false" pipelineInput="false" position="named">
        <maml:name>GreaterThan</maml:name>
        <maml:description>
          <maml:para>Tests if the first value is greater than the second.

The -GreaterThan parameter has the alias -gt.

Return Value   Condition
------------   ---------
$null          one or both of the values is not a Version object
$false         System.Version method CompareTo(Version) &lt;= 0
$true          System.Version method CompareTo(Version) &gt; 0

Note: If the -Property parameter is specified, a different comparison method is used.</maml:para>
        </maml:description>
        <command:parameterValue required="true">Object</command:parameterValue>
        <dev:type>
          <maml:name>Object</maml:name>
        </dev:type>
        <dev:defaultValue>
        </dev:defaultValue>
      </command:parameter>
      <command:parameter required="true" globbing="false" pipelineInput="false" position="named">
        <maml:name>GreaterThanOrEqualTo</maml:name>
        <maml:description>
          <maml:para>Tests if the first value is greater than or equal to the second.

The -GreaterThanOrEqualTo parameter has the alias -ge.

Return Value   Condition
------------   ---------
$null          one or both of the values is not a Version object
$false         System.Version method CompareTo(Version) &lt; 0
$true          System.Version method CompareTo(Version) &gt;= 0

Note: If the -Property parameter is specified, a different comparison method is used.</maml:para>
        </maml:description>
        <command:parameterValue required="true">Object</command:parameterValue>
        <dev:type>
          <maml:name>Object</maml:name>
        </dev:type>
        <dev:defaultValue>
        </dev:defaultValue>
      </command:parameter>
      <command:parameter required="false" globbing="false" pipelineInput="false" position="named">
        <maml:name>Property</maml:name>
        <maml:description>
          <maml:para>Compares the Version objects using the specified properties.

Note that the order that you specify the properties is significant. The first property specified has the highest priority in the comparison, and the last property specified has the lowest priority in the comparison.

Allowed Properties
------------------
Major, Minor, Build, Revision, MajorRevision, MinorRevision

No wildcards are allowed.
No calculated properties (script blocks) are allowed.
Specifying this parameter with a $null or an empty array causes the comparisons to return $null.

Comparison method
-----------------
1. Start with the first property specified.
2. Compare the properties from the two Version objects using the CompareTo method.
3. If the properties are equal, repeat steps 2 and 3 with the remaining properties.
4. Done.

PowerShell Note:
Synthetic properties are not used in comparisons.
For example, when the build property is compared, an expression like $a.psbase.build is used instead of $a.build.</maml:para>
        </maml:description>
        <command:parameterValue required="true">String[]</command:parameterValue>
        <dev:type>
          <maml:name>String[]</maml:name>
        </dev:type>
        <dev:defaultValue>
        </dev:defaultValue>
      </command:parameter>
    </command:parameters>
    <command:inputTypes>
      <command:inputType>
        <dev:type>
          <maml:name>None

This function does not accept input from the pipeline.</maml:name>
        </dev:type>
      </command:inputType>
    </command:inputTypes>
    <command:returnValues>
      <command:returnValue>
        <dev:type>
          <maml:name>System.Boolean

This function returns a Boolean if the test can be performed.</maml:name>
        </dev:type>
      </command:returnValue>
      <command:returnValue>
        <dev:type>
          <maml:name>$null

This function returns $null if the test cannot be performed.</maml:name>
        </dev:type>
      </command:returnValue>
    </command:returnValues>
    <maml:alertSet>
      <maml:alert>
        <maml:para>An example of how this function might be used in a unit test.

#recommended alias
set-alias 'version?' 'test-version'

assert-true (version? $a)
assert-true (version? $a -eq $b -property major, minor, build)</maml:para>
      </maml:alert>
    </maml:alertSet>
    <command:examples>
      <command:example>
        <maml:title>-------------------------- EXAMPLE 1 --------------------------</maml:title>
        <maml:introduction>
          <maml:para>C:\PS&gt;</maml:para>
        </maml:introduction>
        <dev:code>Test-Version $a</dev:code>
        <dev:remarks>
          <maml:para>Returns $true if $a is a Version object.</maml:para>
          <maml:para>
          </maml:para>
          <maml:para>
          </maml:para>
          <maml:para>
          </maml:para>
          <maml:para>
          </maml:para>
        </dev:remarks>
      </command:example>
      <command:example>
        <maml:title>-------------------------- EXAMPLE 2 --------------------------</maml:title>
        <maml:introduction>
          <maml:para>C:\PS&gt;</maml:para>
        </maml:introduction>
        <dev:code>Test-Version $a -eq $b</dev:code>
        <dev:remarks>
          <maml:para>Returns $true if $a and $b are both Version objects with the same value.
Returns $null if $a or $b is not a Version object.</maml:para>
          <maml:para>
          </maml:para>
          <maml:para>
          </maml:para>
          <maml:para>
          </maml:para>
          <maml:para>
          </maml:para>
        </dev:remarks>
      </command:example>
      <command:example>
        <maml:title>-------------------------- EXAMPLE 3 --------------------------</maml:title>
        <maml:introduction>
          <maml:para>C:\PS&gt;</maml:para>
        </maml:introduction>
        <dev:code>Test-Version $a -eq $b -property major, minor</dev:code>
        <dev:remarks>
          <maml:para>Returns $true if $a and $b are both Version objects with the same major and minor values.
Returns $null if $a or $b is not a Version object.

Note that the order of the properties specified is significant. See the -Property parameter for more details.</maml:para>
          <maml:para>
          </maml:para>
          <maml:para>
          </maml:para>
          <maml:para>
          </maml:para>
          <maml:para>
          </maml:para>
        </dev:remarks>
      </command:example>
    </command:examples>
    <maml:relatedLinks>
      <maml:navigationLink>
        <maml:linkText>Test-DateTime</maml:linkText>
      </maml:navigationLink>
      <maml:navigationLink>
        <maml:linkText>Test-Guid</maml:linkText>
      </maml:navigationLink>
      <maml:navigationLink>
        <maml:linkText>Test-Number</maml:linkText>
      </maml:navigationLink>
      <maml:navigationLink>
        <maml:linkText>Test-String</maml:linkText>
      </maml:navigationLink>
      <maml:navigationLink>
        <maml:linkText>Test-Text</maml:linkText>
      </maml:navigationLink>
      <maml:navigationLink>
        <maml:linkText>Test-TimeSpan</maml:linkText>
      </maml:navigationLink>
    </maml:relatedLinks>
  </command:command>
</helpItems>
