<?xml version="1.0" encoding="utf-8"?>
<helpItems schema="maml">
  <command:command xmlns:maml="http://schemas.microsoft.com/maml/2004/10" xmlns:dev="http://schemas.microsoft.com/maml/dev/2004/10" xmlns:MSHelp="http://msdn.microsoft.com/mshelp" xmlns:command="http://schemas.microsoft.com/maml/dev/command/2004/10">
    <command:syntax>
      <command:syntaxItem>
        <maml:name>Test-String</maml:name>
        <command:parameter required="true" globbing="" pipelineInput="false" position="1">
          <maml:name>Value</maml:name>
          <command:parameterValue required="true">Object</command:parameterValue>
        </command:parameter>
        <command:parameter required="false" globbing="" pipelineInput="false" position="named">
          <maml:name>IsString</maml:name>
          <command:parameterValue required="">
          </command:parameterValue>
        </command:parameter>
        <command:parameter required="false" globbing="" pipelineInput="false" position="named">
          <maml:name>Normalization</maml:name>
          <command:parameterValue required="true">NormalizationForm[]</command:parameterValue>
        </command:parameter>
      </command:syntaxItem>
      <command:syntaxItem>
        <maml:name>Test-String</maml:name>
        <command:parameter required="true" globbing="" pipelineInput="false" position="1">
          <maml:name>Value</maml:name>
          <command:parameterValue required="true">Object</command:parameterValue>
        </command:parameter>
        <command:parameter required="true" globbing="" pipelineInput="false" position="named">
          <maml:name>Contains</maml:name>
          <command:parameterValue required="true">Object</command:parameterValue>
        </command:parameter>
        <command:parameter required="false" globbing="" pipelineInput="false" position="named">
          <maml:name>CaseSensitive</maml:name>
          <command:parameterValue required="">
          </command:parameterValue>
        </command:parameter>
        <command:parameter required="false" globbing="" pipelineInput="false" position="named">
          <maml:name>FormCompatible</maml:name>
          <command:parameterValue required="">
          </command:parameterValue>
        </command:parameter>
        <command:parameter required="false" globbing="" pipelineInput="false" position="named">
          <maml:name>Normalization</maml:name>
          <command:parameterValue required="true">NormalizationForm[]</command:parameterValue>
        </command:parameter>
      </command:syntaxItem>
      <command:syntaxItem>
        <maml:name>Test-String</maml:name>
        <command:parameter required="true" globbing="" pipelineInput="false" position="1">
          <maml:name>Value</maml:name>
          <command:parameterValue required="true">Object</command:parameterValue>
        </command:parameter>
        <command:parameter required="true" globbing="" pipelineInput="false" position="named">
          <maml:name>NotContains</maml:name>
          <command:parameterValue required="true">Object</command:parameterValue>
        </command:parameter>
        <command:parameter required="false" globbing="" pipelineInput="false" position="named">
          <maml:name>CaseSensitive</maml:name>
          <command:parameterValue required="">
          </command:parameterValue>
        </command:parameter>
        <command:parameter required="false" globbing="" pipelineInput="false" position="named">
          <maml:name>FormCompatible</maml:name>
          <command:parameterValue required="">
          </command:parameterValue>
        </command:parameter>
        <command:parameter required="false" globbing="" pipelineInput="false" position="named">
          <maml:name>Normalization</maml:name>
          <command:parameterValue required="true">NormalizationForm[]</command:parameterValue>
        </command:parameter>
      </command:syntaxItem>
      <command:syntaxItem>
        <maml:name>Test-String</maml:name>
        <command:parameter required="true" globbing="" pipelineInput="false" position="1">
          <maml:name>Value</maml:name>
          <command:parameterValue required="true">Object</command:parameterValue>
        </command:parameter>
        <command:parameter required="true" globbing="" pipelineInput="false" position="named">
          <maml:name>StartsWith</maml:name>
          <command:parameterValue required="true">Object</command:parameterValue>
        </command:parameter>
        <command:parameter required="false" globbing="" pipelineInput="false" position="named">
          <maml:name>CaseSensitive</maml:name>
          <command:parameterValue required="">
          </command:parameterValue>
        </command:parameter>
        <command:parameter required="false" globbing="" pipelineInput="false" position="named">
          <maml:name>FormCompatible</maml:name>
          <command:parameterValue required="">
          </command:parameterValue>
        </command:parameter>
        <command:parameter required="false" globbing="" pipelineInput="false" position="named">
          <maml:name>Normalization</maml:name>
          <command:parameterValue required="true">NormalizationForm[]</command:parameterValue>
        </command:parameter>
      </command:syntaxItem>
      <command:syntaxItem>
        <maml:name>Test-String</maml:name>
        <command:parameter required="true" globbing="" pipelineInput="false" position="1">
          <maml:name>Value</maml:name>
          <command:parameterValue required="true">Object</command:parameterValue>
        </command:parameter>
        <command:parameter required="true" globbing="" pipelineInput="false" position="named">
          <maml:name>NotStartsWith</maml:name>
          <command:parameterValue required="true">Object</command:parameterValue>
        </command:parameter>
        <command:parameter required="false" globbing="" pipelineInput="false" position="named">
          <maml:name>CaseSensitive</maml:name>
          <command:parameterValue required="">
          </command:parameterValue>
        </command:parameter>
        <command:parameter required="false" globbing="" pipelineInput="false" position="named">
          <maml:name>FormCompatible</maml:name>
          <command:parameterValue required="">
          </command:parameterValue>
        </command:parameter>
        <command:parameter required="false" globbing="" pipelineInput="false" position="named">
          <maml:name>Normalization</maml:name>
          <command:parameterValue required="true">NormalizationForm[]</command:parameterValue>
        </command:parameter>
      </command:syntaxItem>
      <command:syntaxItem>
        <maml:name>Test-String</maml:name>
        <command:parameter required="true" globbing="" pipelineInput="false" position="1">
          <maml:name>Value</maml:name>
          <command:parameterValue required="true">Object</command:parameterValue>
        </command:parameter>
        <command:parameter required="true" globbing="" pipelineInput="false" position="named">
          <maml:name>EndsWith</maml:name>
          <command:parameterValue required="true">Object</command:parameterValue>
        </command:parameter>
        <command:parameter required="false" globbing="" pipelineInput="false" position="named">
          <maml:name>CaseSensitive</maml:name>
          <command:parameterValue required="">
          </command:parameterValue>
        </command:parameter>
        <command:parameter required="false" globbing="" pipelineInput="false" position="named">
          <maml:name>FormCompatible</maml:name>
          <command:parameterValue required="">
          </command:parameterValue>
        </command:parameter>
        <command:parameter required="false" globbing="" pipelineInput="false" position="named">
          <maml:name>Normalization</maml:name>
          <command:parameterValue required="true">NormalizationForm[]</command:parameterValue>
        </command:parameter>
      </command:syntaxItem>
      <command:syntaxItem>
        <maml:name>Test-String</maml:name>
        <command:parameter required="true" globbing="" pipelineInput="false" position="1">
          <maml:name>Value</maml:name>
          <command:parameterValue required="true">Object</command:parameterValue>
        </command:parameter>
        <command:parameter required="true" globbing="" pipelineInput="false" position="named">
          <maml:name>NotEndsWith</maml:name>
          <command:parameterValue required="true">Object</command:parameterValue>
        </command:parameter>
        <command:parameter required="false" globbing="" pipelineInput="false" position="named">
          <maml:name>CaseSensitive</maml:name>
          <command:parameterValue required="">
          </command:parameterValue>
        </command:parameter>
        <command:parameter required="false" globbing="" pipelineInput="false" position="named">
          <maml:name>FormCompatible</maml:name>
          <command:parameterValue required="">
          </command:parameterValue>
        </command:parameter>
        <command:parameter required="false" globbing="" pipelineInput="false" position="named">
          <maml:name>Normalization</maml:name>
          <command:parameterValue required="true">NormalizationForm[]</command:parameterValue>
        </command:parameter>
      </command:syntaxItem>
      <command:syntaxItem>
        <maml:name>Test-String</maml:name>
        <command:parameter required="true" globbing="" pipelineInput="false" position="1">
          <maml:name>Value</maml:name>
          <command:parameterValue required="true">Object</command:parameterValue>
        </command:parameter>
        <command:parameter required="true" globbing="" pipelineInput="false" position="named">
          <maml:name>Equals</maml:name>
          <command:parameterValue required="true">Object</command:parameterValue>
        </command:parameter>
        <command:parameter required="false" globbing="" pipelineInput="false" position="named">
          <maml:name>CaseSensitive</maml:name>
          <command:parameterValue required="">
          </command:parameterValue>
        </command:parameter>
        <command:parameter required="false" globbing="" pipelineInput="false" position="named">
          <maml:name>FormCompatible</maml:name>
          <command:parameterValue required="">
          </command:parameterValue>
        </command:parameter>
        <command:parameter required="false" globbing="" pipelineInput="false" position="named">
          <maml:name>Normalization</maml:name>
          <command:parameterValue required="true">NormalizationForm[]</command:parameterValue>
        </command:parameter>
      </command:syntaxItem>
      <command:syntaxItem>
        <maml:name>Test-String</maml:name>
        <command:parameter required="true" globbing="" pipelineInput="false" position="1">
          <maml:name>Value</maml:name>
          <command:parameterValue required="true">Object</command:parameterValue>
        </command:parameter>
        <command:parameter required="true" globbing="" pipelineInput="false" position="named">
          <maml:name>NotEquals</maml:name>
          <command:parameterValue required="true">Object</command:parameterValue>
        </command:parameter>
        <command:parameter required="false" globbing="" pipelineInput="false" position="named">
          <maml:name>CaseSensitive</maml:name>
          <command:parameterValue required="">
          </command:parameterValue>
        </command:parameter>
        <command:parameter required="false" globbing="" pipelineInput="false" position="named">
          <maml:name>FormCompatible</maml:name>
          <command:parameterValue required="">
          </command:parameterValue>
        </command:parameter>
        <command:parameter required="false" globbing="" pipelineInput="false" position="named">
          <maml:name>Normalization</maml:name>
          <command:parameterValue required="true">NormalizationForm[]</command:parameterValue>
        </command:parameter>
      </command:syntaxItem>
      <command:syntaxItem>
        <maml:name>Test-String</maml:name>
        <command:parameter required="true" globbing="" pipelineInput="false" position="1">
          <maml:name>Value</maml:name>
          <command:parameterValue required="true">Object</command:parameterValue>
        </command:parameter>
        <command:parameter required="true" globbing="" pipelineInput="false" position="named">
          <maml:name>LessThan</maml:name>
          <command:parameterValue required="true">Object</command:parameterValue>
        </command:parameter>
        <command:parameter required="false" globbing="" pipelineInput="false" position="named">
          <maml:name>CaseSensitive</maml:name>
          <command:parameterValue required="">
          </command:parameterValue>
        </command:parameter>
        <command:parameter required="false" globbing="" pipelineInput="false" position="named">
          <maml:name>FormCompatible</maml:name>
          <command:parameterValue required="">
          </command:parameterValue>
        </command:parameter>
        <command:parameter required="false" globbing="" pipelineInput="false" position="named">
          <maml:name>Normalization</maml:name>
          <command:parameterValue required="true">NormalizationForm[]</command:parameterValue>
        </command:parameter>
      </command:syntaxItem>
      <command:syntaxItem>
        <maml:name>Test-String</maml:name>
        <command:parameter required="true" globbing="" pipelineInput="false" position="1">
          <maml:name>Value</maml:name>
          <command:parameterValue required="true">Object</command:parameterValue>
        </command:parameter>
        <command:parameter required="true" globbing="" pipelineInput="false" position="named">
          <maml:name>LessThanOrEqualTo</maml:name>
          <command:parameterValue required="true">Object</command:parameterValue>
        </command:parameter>
        <command:parameter required="false" globbing="" pipelineInput="false" position="named">
          <maml:name>CaseSensitive</maml:name>
          <command:parameterValue required="">
          </command:parameterValue>
        </command:parameter>
        <command:parameter required="false" globbing="" pipelineInput="false" position="named">
          <maml:name>FormCompatible</maml:name>
          <command:parameterValue required="">
          </command:parameterValue>
        </command:parameter>
        <command:parameter required="false" globbing="" pipelineInput="false" position="named">
          <maml:name>Normalization</maml:name>
          <command:parameterValue required="true">NormalizationForm[]</command:parameterValue>
        </command:parameter>
      </command:syntaxItem>
      <command:syntaxItem>
        <maml:name>Test-String</maml:name>
        <command:parameter required="true" globbing="" pipelineInput="false" position="1">
          <maml:name>Value</maml:name>
          <command:parameterValue required="true">Object</command:parameterValue>
        </command:parameter>
        <command:parameter required="true" globbing="" pipelineInput="false" position="named">
          <maml:name>GreaterThan</maml:name>
          <command:parameterValue required="true">Object</command:parameterValue>
        </command:parameter>
        <command:parameter required="false" globbing="" pipelineInput="false" position="named">
          <maml:name>CaseSensitive</maml:name>
          <command:parameterValue required="">
          </command:parameterValue>
        </command:parameter>
        <command:parameter required="false" globbing="" pipelineInput="false" position="named">
          <maml:name>FormCompatible</maml:name>
          <command:parameterValue required="">
          </command:parameterValue>
        </command:parameter>
        <command:parameter required="false" globbing="" pipelineInput="false" position="named">
          <maml:name>Normalization</maml:name>
          <command:parameterValue required="true">NormalizationForm[]</command:parameterValue>
        </command:parameter>
      </command:syntaxItem>
      <command:syntaxItem>
        <maml:name>Test-String</maml:name>
        <command:parameter required="true" globbing="" pipelineInput="false" position="1">
          <maml:name>Value</maml:name>
          <command:parameterValue required="true">Object</command:parameterValue>
        </command:parameter>
        <command:parameter required="true" globbing="" pipelineInput="false" position="named">
          <maml:name>GreaterThanOrEqualTo</maml:name>
          <command:parameterValue required="true">Object</command:parameterValue>
        </command:parameter>
        <command:parameter required="false" globbing="" pipelineInput="false" position="named">
          <maml:name>CaseSensitive</maml:name>
          <command:parameterValue required="">
          </command:parameterValue>
        </command:parameter>
        <command:parameter required="false" globbing="" pipelineInput="false" position="named">
          <maml:name>FormCompatible</maml:name>
          <command:parameterValue required="">
          </command:parameterValue>
        </command:parameter>
        <command:parameter required="false" globbing="" pipelineInput="false" position="named">
          <maml:name>Normalization</maml:name>
          <command:parameterValue required="true">NormalizationForm[]</command:parameterValue>
        </command:parameter>
      </command:syntaxItem>
    </command:syntax>
    <command:parameters>
      <command:parameter required="true" globbing="" pipelineInput="false" position="1">
        <maml:name>Value</maml:name>
        <maml:description>
          <maml:para>The value to test.</maml:para>
        </maml:description>
        <command:parameterValue required="true">Object</command:parameterValue>
        <dev:type>
          <maml:name>Object</maml:name>
        </dev:type>
        <dev:defaultValue>
        </dev:defaultValue>
      </command:parameter>
      <command:parameter required="false" globbing="" pipelineInput="false" position="named">
        <maml:name>IsString</maml:name>
        <maml:description>
          <maml:para>Tests if the value is a string.

Return Value   Condition
------------   ---------
$null          never
$false         the value is not a string*
$true          the value is a string*

*See the -Normalization parameter for more details</maml:para>
        </maml:description>
        <command:parameterValue required="false">SwitchParameter</command:parameterValue>
        <dev:type>
          <maml:name>SwitchParameter</maml:name>
        </dev:type>
        <dev:defaultValue>
        </dev:defaultValue>
      </command:parameter>
      <command:parameter required="true" globbing="" pipelineInput="false" position="named">
        <maml:name>Contains</maml:name>
        <maml:description>
          <maml:para>Tests if the first string contains the second.

Note: The empty string is inside all strings.

Return Value   Condition
------------   ---------
$null          one or both of the values is not a string*
$false         String method IndexOf(String, StringComparison) &lt; 0
$true          String method IndexOf(String, StringComparison) &gt;= 0

*See the -Normalization parameter for more details</maml:para>
        </maml:description>
        <command:parameterValue required="true">Object</command:parameterValue>
        <dev:type>
          <maml:name>Object</maml:name>
        </dev:type>
        <dev:defaultValue>
        </dev:defaultValue>
      </command:parameter>
      <command:parameter required="true" globbing="" pipelineInput="false" position="named">
        <maml:name>NotContains</maml:name>
        <maml:description>
          <maml:para>Tests if the string does not contain the second.

Note: The empty string is inside all strings.

Return Value   Condition
------------   ---------
$null          one or both of the values is not a string*
$false         String method IndexOf(String, StringComparison) &gt;= 0
$true          String method IndexOf(String, StringComparison) &lt; 0

*See the -Normalization parameter for more details</maml:para>
        </maml:description>
        <command:parameterValue required="true">Object</command:parameterValue>
        <dev:type>
          <maml:name>Object</maml:name>
        </dev:type>
        <dev:defaultValue>
        </dev:defaultValue>
      </command:parameter>
      <command:parameter required="true" globbing="" pipelineInput="false" position="named">
        <maml:name>StartsWith</maml:name>
        <maml:description>
          <maml:para>Tests if the first string starts with the second string.

Note: The empty string starts all strings.

Return Value   Condition
------------   ---------
$null          one or both of the values is not a string*
$false         String method StartsWith(String, StringComparison) returns $false
$true          String method StartsWith(String, StringComparison) returns $true

*See the -Normalization parameter for more details</maml:para>
        </maml:description>
        <command:parameterValue required="true">Object</command:parameterValue>
        <dev:type>
          <maml:name>Object</maml:name>
        </dev:type>
        <dev:defaultValue>
        </dev:defaultValue>
      </command:parameter>
      <command:parameter required="true" globbing="" pipelineInput="false" position="named">
        <maml:name>NotStartsWith</maml:name>
        <maml:description>
          <maml:para>Tests if the first string does not start with the second string.

Note: The empty string starts all strings.

Return Value   Condition
------------   ---------
$null          one or both of the values is not a string*
$false         String method StartsWith(String, StringComparison) returns $true
$true          String method StartsWith(String, StringComparison) returns $false

*See the -Normalization parameter for more details</maml:para>
        </maml:description>
        <command:parameterValue required="true">Object</command:parameterValue>
        <dev:type>
          <maml:name>Object</maml:name>
        </dev:type>
        <dev:defaultValue>
        </dev:defaultValue>
      </command:parameter>
      <command:parameter required="true" globbing="" pipelineInput="false" position="named">
        <maml:name>EndsWith</maml:name>
        <maml:description>
          <maml:para>Tests if the first string ends with the second string.

Note: The empty string ends all strings.

Return Value   Condition
------------   ---------
$null          one or both of the values is not a string*
$false         String method EndsWith(String, StringComparison) returns $false
$true          String method EndsWith(String, StringComparison) returns $true

*See the -Normalization parameter for more details</maml:para>
        </maml:description>
        <command:parameterValue required="true">Object</command:parameterValue>
        <dev:type>
          <maml:name>Object</maml:name>
        </dev:type>
        <dev:defaultValue>
        </dev:defaultValue>
      </command:parameter>
      <command:parameter required="true" globbing="" pipelineInput="false" position="named">
        <maml:name>NotEndsWith</maml:name>
        <maml:description>
          <maml:para>Tests if the first string does not end with the second string

Note: The empty string ends all strings.

Return Value   Condition
------------   ---------
$null          one or both of the values is not a string*
$false         String method EndsWith(String, StringComparison) returns $true
$true          String method EndsWith(String, StringComparison) returns $false

*See the -Normalization parameter for more details</maml:para>
        </maml:description>
        <command:parameterValue required="true">Object</command:parameterValue>
        <dev:type>
          <maml:name>Object</maml:name>
        </dev:type>
        <dev:defaultValue>
        </dev:defaultValue>
      </command:parameter>
      <command:parameter required="true" globbing="" pipelineInput="false" position="named">
        <maml:name>Equals</maml:name>
        <maml:description>
          <maml:para>Tests if the first value is equal to the second.

The -Equals parameter has the alias -eq.

Return Value   Condition
------------   ---------
$null          one or both of the values is not a string*
$false         String.Equals(String, String, StringComparison) returns $false
$true          String.Equals(String, String, StringComparison) returns $true

*See the -Normalization parameter for more details</maml:para>
        </maml:description>
        <command:parameterValue required="true">Object</command:parameterValue>
        <dev:type>
          <maml:name>Object</maml:name>
        </dev:type>
        <dev:defaultValue>
        </dev:defaultValue>
      </command:parameter>
      <command:parameter required="true" globbing="" pipelineInput="false" position="named">
        <maml:name>NotEquals</maml:name>
        <maml:description>
          <maml:para>Tests if the first value is not equal to the second.

The -NotEquals parameter has the alias -ne.

Return Value   Condition
------------   ---------
$null          one or both of the values is not a string*
$false         String.Equals(String, String, StringComparison) returns $true
$true          String.Equals(String, String, StringComparison) returns $false

*See the -Normalization parameter for more details</maml:para>
        </maml:description>
        <command:parameterValue required="true">Object</command:parameterValue>
        <dev:type>
          <maml:name>Object</maml:name>
        </dev:type>
        <dev:defaultValue>
        </dev:defaultValue>
      </command:parameter>
      <command:parameter required="true" globbing="" pipelineInput="false" position="named">
        <maml:name>LessThan</maml:name>
        <maml:description>
          <maml:para>Tests if the first value is less than the second.

The -LessThan parameter has the alias -lt.

Return Value   Condition
------------   ---------
$null          one or both of the values is not a string*
$false         String.Compare(String, String, StringComparison) &gt;= 0
$true          String.Compare(String, String, StringComparison) &lt; 0

*See the -Normalization parameter for more details</maml:para>
        </maml:description>
        <command:parameterValue required="true">Object</command:parameterValue>
        <dev:type>
          <maml:name>Object</maml:name>
        </dev:type>
        <dev:defaultValue>
        </dev:defaultValue>
      </command:parameter>
      <command:parameter required="true" globbing="" pipelineInput="false" position="named">
        <maml:name>LessThanOrEqualTo</maml:name>
        <maml:description>
          <maml:para>Tests if the first value is less than or equal to the second.

The -LessThanOrEqualTo parameter has the alias -le.

Return Value   Condition
------------   ---------
$null          one or both of the values is not a string*
$false         String.Compare(String, String, StringComparison) &gt; 0
$true          String.Compare(String, String, StringComparison) &lt;= 0

*See the -Normalization parameter for more details</maml:para>
        </maml:description>
        <command:parameterValue required="true">Object</command:parameterValue>
        <dev:type>
          <maml:name>Object</maml:name>
        </dev:type>
        <dev:defaultValue>
        </dev:defaultValue>
      </command:parameter>
      <command:parameter required="true" globbing="" pipelineInput="false" position="named">
        <maml:name>GreaterThan</maml:name>
        <maml:description>
          <maml:para>Tests if the first value is greater than the second.

The -GreaterThan parameter has the alias -gt.

Return Value   Condition
------------   ---------
$null          one or both of the values is not a string*
$false         String.Compare(String, String, StringComparison) &lt;= 0
$true          String.Compare(String, String, StringComparison) &gt; 0

*See the -Normalization parameter for more details</maml:para>
        </maml:description>
        <command:parameterValue required="true">Object</command:parameterValue>
        <dev:type>
          <maml:name>Object</maml:name>
        </dev:type>
        <dev:defaultValue>
        </dev:defaultValue>
      </command:parameter>
      <command:parameter required="true" globbing="" pipelineInput="false" position="named">
        <maml:name>GreaterThanOrEqualTo</maml:name>
        <maml:description>
          <maml:para>Tests if the first value is greater than or equal to the second.

The -GreaterThanOrEqualTo parameter has the alias -ge.

Return Value   Condition
------------   ---------
$null          one or both of the values is not a string*
$false         String.Compare(String, String, StringComparison) &lt; 0
$true          String.Compare(String, String, StringComparison) &gt;= 0

*See the -Normalization parameter for more details</maml:para>
        </maml:description>
        <command:parameterValue required="true">Object</command:parameterValue>
        <dev:type>
          <maml:name>Object</maml:name>
        </dev:type>
        <dev:defaultValue>
        </dev:defaultValue>
      </command:parameter>
      <command:parameter required="false" globbing="" pipelineInput="false" position="named">
        <maml:name>CaseSensitive</maml:name>
        <maml:description>
          <maml:para>Makes the comparisons case sensitive.

If this switch is set, the comparisons use

    [System.StringComparison]::Ordinal

otherwise, the comparisons use

    [System.StringComparison]::OrdinalIgnoreCase

as the default.</maml:para>
        </maml:description>
        <command:parameterValue required="false">SwitchParameter</command:parameterValue>
        <dev:type>
          <maml:name>SwitchParameter</maml:name>
        </dev:type>
        <dev:defaultValue>
        </dev:defaultValue>
      </command:parameter>
      <command:parameter required="false" globbing="" pipelineInput="false" position="named">
        <maml:name>FormCompatible</maml:name>
        <maml:description>
          <maml:para>Causes the comparison of two strings to return $null if they are not normalized to compatible forms.

See the -Normalization parameter for more details.</maml:para>
        </maml:description>
        <command:parameterValue required="false">SwitchParameter</command:parameterValue>
        <dev:type>
          <maml:name>SwitchParameter</maml:name>
        </dev:type>
        <dev:defaultValue>
        </dev:defaultValue>
      </command:parameter>
      <command:parameter required="false" globbing="" pipelineInput="false" position="named">
        <maml:name>Normalization</maml:name>
        <maml:description>
          <maml:para>One or more Enums that can be used to define which form of strings are to be considered strings.

Normalization is a way of making sure that a Unicode character will only have one binary representation. This allows strings to be compared using only their binary representations. Comparing strings using only their binary representation is often desirable in scripts and programs because these comparisons are not affected by the rules of different cultures and languages.

The Normalization Forms are: FormC, FormD, FormKC, and FormKD.

You can use this parameter to specify which of the forms above a string must have in order for the string to be considered a string.

Note:
* Specifying this parameter with a $null or an empty array will cause this function to treat all objects as non-strings.

* This function does not normalize strings to a common form before performing the comparison.

Reference:
For more details, see the MSDN documentation for the System.String methods called Normalize() and IsNormalized().</maml:para>
        </maml:description>
        <command:parameterValue required="true">NormalizationForm[]</command:parameterValue>
        <dev:type>
          <maml:name>NormalizationForm[]</maml:name>
        </dev:type>
        <dev:defaultValue>
        </dev:defaultValue>
      </command:parameter>
    </command:parameters>
    <command:details>
      <command:name>Test-String</command:name>
      <command:verb>
      </command:verb>
      <command:noun>
      </command:noun>
      <maml:description>
        <maml:para>An alternative to PowerShell's comparison functions when testing strings in unit test scenarios.</maml:para>
      </maml:description>
    </command:details>
    <maml:description>
      <maml:para>This function tests a string for type and equality without the implicit conversions and filtering semantics of the PowerShell comparison operators.

This function also gives you some control over how strings should be compared. See the -Normalization and -FormCompatible parameters for more details.

This function will return one of the following values:
    $true
    $false
    $null

A return value of $null indicates an invalid test. See each parameter for specific conditions that causes this function to return $true, $false, or $null.

Note about comparison
---------------------
This function uses the Equals and Compare methods from the String class using an ordinal comparison type. This type of comparison will compare strings at the binary level, and this type of comparison is not affected by the user's culture or language settings.

By default this function uses a case-insensitive comparison, but this can be changed by setting the -CaseSensitive switch.

Note about normalization
------------------------
This function does not normalize strings to a common form before performing comparisons.

This is done so that minor deviations from the strings being tested will be detected from unit tests. This is especially important if the strings being tested represent things like file paths or registry keys.

Differences with PowerShell string comparison
---------------------------------------------
For case-sensitive string comparisons, this function may give a different result than the PowerShell comparison operators.

    #PowerShell returns $true
    'A' -cgt 'a'

    #Test-String returns $false
    Test-String 'A' -gt 'a' -CaseSensitive
    
    #String.Compare returns $false
    [string]::compare('A', 'a', [stringcomparison]::Ordinal) -gt 0

    #Int values of characters; returns $false
    [int][char]'A' -gt [int][char]'a'</maml:para>
    </maml:description>
    <command:inputTypes>
      <command:inputType>
        <dev:type>
          <maml:name>System.String
System.Object</maml:name>
        </dev:type>
      </command:inputType>
    </command:inputTypes>
    <command:returnValues>
      <command:returnValue>
        <dev:type>
          <maml:name>System.Boolean
$null</maml:name>
        </dev:type>
      </command:returnValue>
    </command:returnValues>
    <maml:alertSet>
      <maml:alert>
        <maml:para>An example of how this function might be used in a unit test.

#recommended alias
set-alias 'string?' 'test-string'

#if you have an assert function, you can write assertions like this
assert (string? $a)
assert (string? $a -contains $b)
assert (string? $a -notStartsWith $c -casesensitive -formcompatible)</maml:para>
      </maml:alert>
    </maml:alertSet>
    <command:examples>
      <command:example>
        <maml:title>-------------------------- EXAMPLE 1 --------------------------</maml:title>
        <maml:introduction>
          <maml:para>C:\PS&gt;</maml:para>
        </maml:introduction>
        <dev:code>Test-String $a</dev:code>
        <dev:remarks>
          <maml:para>Tests if $a is a string.</maml:para>
          <maml:para>
          </maml:para>
          <maml:para>
          </maml:para>
          <maml:para>
          </maml:para>
          <maml:para>
          </maml:para>
        </dev:remarks>
      </command:example>
      <command:example>
        <maml:title>-------------------------- EXAMPLE 2 --------------------------</maml:title>
        <maml:introduction>
          <maml:para>C:\PS&gt;</maml:para>
        </maml:introduction>
        <dev:code>Test-String $a -eq $b</dev:code>
        <dev:remarks>
          <maml:para>Tests if $a is equal to $b using a case-insensitive test.

Returns the result of ([string]::Equals($a, $b, [stringcomparison]::ordinalignorecase)) if $a and $b are strings.
Returns $null if $a or $b is not a string.</maml:para>
          <maml:para>
          </maml:para>
          <maml:para>
          </maml:para>
          <maml:para>
          </maml:para>
          <maml:para>
          </maml:para>
        </dev:remarks>
      </command:example>
      <command:example>
        <maml:title>-------------------------- EXAMPLE 3 --------------------------</maml:title>
        <maml:introduction>
          <maml:para>C:\PS&gt;</maml:para>
        </maml:introduction>
        <dev:code>Test-String $a -eq $b -CaseSensitive</dev:code>
        <dev:remarks>
          <maml:para>Tests if $a is equal to $b using a case-sensitive test.

Returns the result of ([string]::Equals($a, $b, [stringcomparison]::ordinal)) if $a and $b are strings.
Returns $null if $a or $b is not a string.</maml:para>
          <maml:para>
          </maml:para>
          <maml:para>
          </maml:para>
          <maml:para>
          </maml:para>
          <maml:para>
          </maml:para>
        </dev:remarks>
      </command:example>
      <command:example>
        <maml:title>-------------------------- EXAMPLE 4 --------------------------</maml:title>
        <maml:introduction>
          <maml:para>C:\PS&gt;</maml:para>
        </maml:introduction>
        <dev:code>Test-String $a -Normalization FormC</dev:code>
        <dev:remarks>
          <maml:para>Returns $true if $a is a string that is compatible with Normalization FormC.
Returns $false if $a is not a string that is compatible with Normalization FormC.

NOTE: See the -Normalization parameter for more details.</maml:para>
          <maml:para>
          </maml:para>
          <maml:para>
          </maml:para>
          <maml:para>
          </maml:para>
          <maml:para>
          </maml:para>
        </dev:remarks>
      </command:example>
      <command:example>
        <maml:title>-------------------------- EXAMPLE 5 --------------------------</maml:title>
        <maml:introduction>
          <maml:para>C:\PS&gt;</maml:para>
        </maml:introduction>
        <dev:code>Test-String $a -eq $b -FormCompatible</dev:code>
        <dev:remarks>
          <maml:para>Returns the result of (Test-String $a -eq $b) if $a has a compatible Normalization Form with $b.
Returns $null if $a does not have a compatible Normalization with $b.

NOTE: See the -Normalization parameter for more details.</maml:para>
          <maml:para>
          </maml:para>
          <maml:para>
          </maml:para>
          <maml:para>
          </maml:para>
          <maml:para>
          </maml:para>
        </dev:remarks>
      </command:example>
      <command:example>
        <maml:title>-------------------------- EXAMPLE 6 --------------------------</maml:title>
        <maml:introduction>
          <maml:para>C:\PS&gt;</maml:para>
        </maml:introduction>
        <dev:code>Test-String $a -eq $b -FormCompatible -Normalization FormKC, FormKD</dev:code>
        <dev:remarks>
          <maml:para>Returns the result of (Test-String $a -eq $b -FormCompatible) if $a and $b are strings that are compatible with Normalization FormKC or Normalization FormKD.
Returns $null if $a or $b is not a string that is compatible with Normalization FormKC or Normalization FormKD.

NOTE: See the -Normalization parameter for more details.</maml:para>
          <maml:para>
          </maml:para>
          <maml:para>
          </maml:para>
          <maml:para>
          </maml:para>
          <maml:para>
          </maml:para>
        </dev:remarks>
      </command:example>
    </command:examples>
    <maml:relatedLinks>
      <maml:navigationLink>
        <maml:linkText>
        </maml:linkText>
      </maml:navigationLink>
    </maml:relatedLinks>
  </command:command>
</helpItems>
